<?xml version="1.0" encoding="UTF-8"?>
<coverage generated="1657341454282" clover="3.2.0">
  <project timestamp="1657341454282" name="All files">
    <metrics statements="2" coveredstatements="2" conditionals="1196" coveredconditionals="343" methods="221" coveredmethods="87" elements="1419" coveredelements="432" complexity="0" loc="2" ncloc="2" packages="1" files="1" classes="1"/>
    <file name="index.js" path="/Users/rocsun/Code/dz-library/common-library/o-orange/es/index.js">
      <metrics statements="2" coveredstatements="2" conditionals="1196" coveredconditionals="343" methods="221" coveredmethods="87"/>
      <line num="1" count="658" type="cond" truecount="225" falsecount="502"/>
      <line num="16" count="42" type="cond" truecount="118" falsecount="351"/>
    </file>
  </project>
</coverage>
