{"/Users/rocsun/Code/dz-library/common-library/o-orange/es/index.js": {"path":"/Users/rocsun/Code/dz-library/common-library/o-orange/es/index.js","statementMap":{"0":{"start":{"line":1,"column":6},"end":{"line":1,"column":148}},"1":{"start":{"line":1,"column":167},"end":{"line":1,"column":368}},"2":{"start":{"line":1,"column":219},"end":{"line":1,"column":345}},"3":{"start":{"line":1,"column":237},"end":{"line":1,"column":327}},"4":{"start":{"line":1,"column":379},"end":{"line":1,"column":417}},"5":{"start":{"line":1,"column":391},"end":{"line":1,"column":416}},"6":{"start":{"line":1,"column":420},"end":{"line":1,"column":610}},"7":{"start":{"line":1,"column":569},"end":{"line":1,"column":580}},"8":{"start":{"line":1,"column":613},"end":{"line":1,"column":660}},"9":{"start":{"line":1,"column":625},"end":{"line":1,"column":659}},"10":{"start":{"line":1,"column":629},"end":{"line":1,"column":640}},"11":{"start":{"line":1,"column":650},"end":{"line":1,"column":658}},"12":{"start":{"line":1,"column":663},"end":{"line":1,"column":748}},"13":{"start":{"line":1,"column":678},"end":{"line":1,"column":745}},"14":{"start":{"line":1,"column":731},"end":{"line":1,"column":739}},"15":{"start":{"line":1,"column":751},"end":{"line":1,"column":852}},"16":{"start":{"line":1,"column":772},"end":{"line":1,"column":791}},"17":{"start":{"line":1,"column":792},"end":{"line":1,"column":849}},"18":{"start":{"line":1,"column":855},"end":{"line":1,"column":878}},"19":{"start":{"line":1,"column":881},"end":{"line":1,"column":932}},"20":{"start":{"line":1,"column":904},"end":{"line":1,"column":931}},"21":{"start":{"line":1,"column":935},"end":{"line":1,"column":958}},"22":{"start":{"line":1,"column":961},"end":{"line":1,"column":992}},"23":{"start":{"line":1,"column":995},"end":{"line":1,"column":1073}},"24":{"start":{"line":1,"column":1036},"end":{"line":1,"column":1045}},"25":{"start":{"line":1,"column":1046},"end":{"line":1,"column":1069}},"26":{"start":{"line":1,"column":1076},"end":{"line":1,"column":1160}},"27":{"start":{"line":1,"column":1090},"end":{"line":1,"column":1159}},"28":{"start":{"line":1,"column":1163},"end":{"line":1,"column":1181}},"29":{"start":{"line":1,"column":1184},"end":{"line":1,"column":1190}},"30":{"start":{"line":1,"column":1193},"end":{"line":1,"column":1199}},"31":{"start":{"line":1,"column":1202},"end":{"line":1,"column":1216}},"32":{"start":{"line":1,"column":1219},"end":{"line":1,"column":1311}},"33":{"start":{"line":1,"column":1233},"end":{"line":1,"column":1247}},"34":{"start":{"line":1,"column":1261},"end":{"line":1,"column":1310}},"35":{"start":{"line":1,"column":1282},"end":{"line":1,"column":1309}},"36":{"start":{"line":1,"column":1314},"end":{"line":1,"column":1328}},"37":{"start":{"line":1,"column":1331},"end":{"line":1,"column":1342}},"38":{"start":{"line":1,"column":1345},"end":{"line":1,"column":1377}},"39":{"start":{"line":1,"column":1357},"end":{"line":1,"column":1376}},"40":{"start":{"line":1,"column":1380},"end":{"line":1,"column":1388}},"41":{"start":{"line":1,"column":1391},"end":{"line":1,"column":1402}},"42":{"start":{"line":1,"column":1405},"end":{"line":1,"column":1508}},"43":{"start":{"line":1,"column":1419},"end":{"line":1,"column":1456}},"44":{"start":{"line":1,"column":1472},"end":{"line":1,"column":1505}},"45":{"start":{"line":1,"column":1511},"end":{"line":1,"column":1522}},"46":{"start":{"line":1,"column":1525},"end":{"line":1,"column":1592}},"47":{"start":{"line":1,"column":1537},"end":{"line":1,"column":1583}},"48":{"start":{"line":1,"column":1548},"end":{"line":1,"column":1583}},"49":{"start":{"line":1,"column":1583},"end":{"line":1,"column":1591}},"50":{"start":{"line":1,"column":1595},"end":{"line":1,"column":1622}},"51":{"start":{"line":1,"column":1607},"end":{"line":1,"column":1621}},"52":{"start":{"line":1,"column":1625},"end":{"line":1,"column":1664}},"53":{"start":{"line":1,"column":1637},"end":{"line":1,"column":1663}},"54":{"start":{"line":1,"column":1667},"end":{"line":1,"column":1718}},"55":{"start":{"line":1,"column":1679},"end":{"line":1,"column":1717}},"56":{"start":{"line":1,"column":1721},"end":{"line":1,"column":1754}},"57":{"start":{"line":1,"column":1733},"end":{"line":1,"column":1753}},"58":{"start":{"line":1,"column":1757},"end":{"line":1,"column":1819}},"59":{"start":{"line":1,"column":1771},"end":{"line":1,"column":1818}},"60":{"start":{"line":1,"column":1822},"end":{"line":1,"column":1841}},"61":{"start":{"line":1,"column":1844},"end":{"line":1,"column":1874}},"62":{"start":{"line":1,"column":1877},"end":{"line":1,"column":1886}},"63":{"start":{"line":1,"column":1889},"end":{"line":1,"column":1895}},"64":{"start":{"line":1,"column":1898},"end":{"line":1,"column":1925}},"65":{"start":{"line":1,"column":1928},"end":{"line":1,"column":1935}},"66":{"start":{"line":1,"column":1936},"end":{"line":1,"column":2076}},"67":{"start":{"line":1,"column":2082},"end":{"line":1,"column":2083}},"68":{"start":{"line":1,"column":2086},"end":{"line":1,"column":2221}},"69":{"start":{"line":1,"column":2139},"end":{"line":1,"column":2147}},"70":{"start":{"line":1,"column":2148},"end":{"line":1,"column":2218}},"71":{"start":{"line":1,"column":2224},"end":{"line":1,"column":2273}},"72":{"start":{"line":1,"column":2276},"end":{"line":1,"column":2284}},"73":{"start":{"line":1,"column":2287},"end":{"line":1,"column":2390}},"74":{"start":{"line":1,"column":2301},"end":{"line":1,"column":2325}},"75":{"start":{"line":1,"column":2345},"end":{"line":1,"column":2356}},"76":{"start":{"line":1,"column":2357},"end":{"line":1,"column":2389}},"77":{"start":{"line":1,"column":2393},"end":{"line":1,"column":2401}},"78":{"start":{"line":1,"column":2404},"end":{"line":1,"column":2457}},"79":{"start":{"line":1,"column":2416},"end":{"line":1,"column":2456}},"80":{"start":{"line":1,"column":2420},"end":{"line":1,"column":2431}},"81":{"start":{"line":1,"column":2441},"end":{"line":1,"column":2455}},"82":{"start":{"line":1,"column":2460},"end":{"line":1,"column":2471}},"83":{"start":{"line":1,"column":2474},"end":{"line":1,"column":2538}},"84":{"start":{"line":1,"column":2486},"end":{"line":1,"column":2503}},"85":{"start":{"line":1,"column":2494},"end":{"line":1,"column":2503}},"86":{"start":{"line":1,"column":2503},"end":{"line":1,"column":2537}},"87":{"start":{"line":1,"column":2541},"end":{"line":1,"column":2593}},"88":{"start":{"line":1,"column":2561},"end":{"line":1,"column":2565}},"89":{"start":{"line":1,"column":2566},"end":{"line":1,"column":2592}},"90":{"start":{"line":1,"column":2596},"end":{"line":1,"column":2607}},"91":{"start":{"line":1,"column":2610},"end":{"line":1,"column":2631}},"92":{"start":{"line":1,"column":2634},"end":{"line":1,"column":2722}},"93":{"start":{"line":1,"column":2648},"end":{"line":1,"column":2713}},"94":{"start":{"line":1,"column":2652},"end":{"line":1,"column":2696}},"95":{"start":{"line":1,"column":2706},"end":{"line":1,"column":2712}},"96":{"start":{"line":1,"column":2713},"end":{"line":1,"column":2721}},"97":{"start":{"line":1,"column":2725},"end":{"line":1,"column":2776}},"98":{"start":{"line":1,"column":2779},"end":{"line":1,"column":3079}},"99":{"start":{"line":1,"column":2794},"end":{"line":1,"column":3076}},"100":{"start":{"line":1,"column":2819},"end":{"line":1,"column":2854}},"101":{"start":{"line":1,"column":3083},"end":{"line":1,"column":3091}},"102":{"start":{"line":1,"column":3095},"end":{"line":1,"column":3123}},"103":{"start":{"line":1,"column":3107},"end":{"line":1,"column":3122}},"104":{"start":{"line":1,"column":3127},"end":{"line":1,"column":3147}},"105":{"start":{"line":1,"column":3151},"end":{"line":1,"column":3199}},"106":{"start":{"line":1,"column":3180},"end":{"line":1,"column":3198}},"107":{"start":{"line":1,"column":3203},"end":{"line":1,"column":3204}},"108":{"start":{"line":1,"column":3208},"end":{"line":1,"column":3221}},"109":{"start":{"line":1,"column":3225},"end":{"line":1,"column":3239}},"110":{"start":{"line":1,"column":3243},"end":{"line":1,"column":3309}},"111":{"start":{"line":1,"column":3255},"end":{"line":1,"column":3308}},"112":{"start":{"line":1,"column":3313},"end":{"line":1,"column":3321}},"113":{"start":{"line":1,"column":3325},"end":{"line":1,"column":3333}},"114":{"start":{"line":1,"column":3337},"end":{"line":1,"column":3347}},"115":{"start":{"line":1,"column":3351},"end":{"line":1,"column":3380}},"116":{"start":{"line":1,"column":3384},"end":{"line":1,"column":3517}},"117":{"start":{"line":1,"column":3396},"end":{"line":1,"column":3504}},"118":{"start":{"line":1,"column":3444},"end":{"line":1,"column":3455}},"119":{"start":{"line":1,"column":3456},"end":{"line":1,"column":3503}},"120":{"start":{"line":1,"column":3504},"end":{"line":1,"column":3516}},"121":{"start":{"line":1,"column":3521},"end":{"line":1,"column":3532}},"122":{"start":{"line":1,"column":3536},"end":{"line":1,"column":3553}},"123":{"start":{"line":1,"column":3557},"end":{"line":1,"column":3994}},"124":{"start":{"line":1,"column":3571},"end":{"line":1,"column":3595}},"125":{"start":{"line":1,"column":3586},"end":{"line":1,"column":3595}},"126":{"start":{"line":1,"column":3603},"end":{"line":1,"column":3610}},"127":{"start":{"line":1,"column":3611},"end":{"line":1,"column":3730}},"128":{"start":{"line":1,"column":3617},"end":{"line":1,"column":3678}},"129":{"start":{"line":1,"column":3669},"end":{"line":1,"column":3678}},"130":{"start":{"line":1,"column":3678},"end":{"line":1,"column":3729}},"131":{"start":{"line":1,"column":3730},"end":{"line":1,"column":3993}},"132":{"start":{"line":1,"column":3784},"end":{"line":1,"column":3840}},"133":{"start":{"line":1,"column":3831},"end":{"line":1,"column":3840}},"134":{"start":{"line":1,"column":3840},"end":{"line":1,"column":3881}},"135":{"start":{"line":1,"column":3872},"end":{"line":1,"column":3881}},"136":{"start":{"line":1,"column":3881},"end":{"line":1,"column":3937}},"137":{"start":{"line":1,"column":3928},"end":{"line":1,"column":3937}},"138":{"start":{"line":1,"column":3937},"end":{"line":1,"column":3987}},"139":{"start":{"line":1,"column":3998},"end":{"line":1,"column":4050}},"140":{"start":{"line":1,"column":4016},"end":{"line":1,"column":4030}},"141":{"start":{"line":1,"column":4031},"end":{"line":1,"column":4049}},"142":{"start":{"line":1,"column":4054},"end":{"line":1,"column":4064}},"143":{"start":{"line":1,"column":4068},"end":{"line":1,"column":4094}},"144":{"start":{"line":1,"column":4098},"end":{"line":1,"column":4143}},"145":{"start":{"line":1,"column":4110},"end":{"line":1,"column":4142}},"146":{"start":{"line":1,"column":4147},"end":{"line":1,"column":4244}},"147":{"start":{"line":1,"column":4166},"end":{"line":1,"column":4241}},"148":{"start":{"line":1,"column":4228},"end":{"line":1,"column":4236}},"149":{"start":{"line":1,"column":4248},"end":{"line":1,"column":4279}},"150":{"start":{"line":1,"column":4283},"end":{"line":1,"column":4394}},"151":{"start":{"line":1,"column":4305},"end":{"line":1,"column":4355}},"152":{"start":{"line":1,"column":4326},"end":{"line":1,"column":4355}},"153":{"start":{"line":1,"column":4330},"end":{"line":1,"column":4344}},"154":{"start":{"line":1,"column":4355},"end":{"line":1,"column":4392}},"155":{"start":{"line":1,"column":4366},"end":{"line":1,"column":4392}},"156":{"start":{"line":1,"column":4398},"end":{"line":1,"column":4511}},"157":{"start":{"line":1,"column":4415},"end":{"line":1,"column":4508}},"158":{"start":{"line":1,"column":4515},"end":{"line":1,"column":4523}},"159":{"start":{"line":1,"column":4527},"end":{"line":1,"column":4538}},"160":{"start":{"line":1,"column":4542},"end":{"line":1,"column":4607}},"161":{"start":{"line":1,"column":4554},"end":{"line":1,"column":4571}},"162":{"start":{"line":1,"column":4562},"end":{"line":1,"column":4571}},"163":{"start":{"line":1,"column":4571},"end":{"line":1,"column":4606}},"164":{"start":{"line":1,"column":4611},"end":{"line":1,"column":4622}},"165":{"start":{"line":1,"column":4626},"end":{"line":1,"column":4647}},"166":{"start":{"line":1,"column":4651},"end":{"line":1,"column":4682}},"167":{"start":{"line":1,"column":4686},"end":{"line":1,"column":5181}},"168":{"start":{"line":1,"column":4710},"end":{"line":1,"column":4990}},"169":{"start":{"line":1,"column":4820},"end":{"line":1,"column":4827}},"170":{"start":{"line":1,"column":4828},"end":{"line":1,"column":4989}},"171":{"start":{"line":1,"column":4990},"end":{"line":1,"column":5006}},"172":{"start":{"line":1,"column":5027},"end":{"line":1,"column":5084}},"173":{"start":{"line":1,"column":5053},"end":{"line":1,"column":5084}},"174":{"start":{"line":1,"column":5057},"end":{"line":1,"column":5073}},"175":{"start":{"line":1,"column":5084},"end":{"line":1,"column":5144}},"176":{"start":{"line":1,"column":5108},"end":{"line":1,"column":5144}},"177":{"start":{"line":1,"column":5144},"end":{"line":1,"column":5179}},"178":{"start":{"line":1,"column":5185},"end":{"line":1,"column":5260}},"179":{"start":{"line":1,"column":5203},"end":{"line":1,"column":5226}},"180":{"start":{"line":1,"column":5244},"end":{"line":1,"column":5259}},"181":{"start":{"line":1,"column":5264},"end":{"line":1,"column":5284}},"182":{"start":{"line":1,"column":5285},"end":{"line":1,"column":5349}},"183":{"start":{"line":1,"column":5334},"end":{"line":1,"column":5346}},"184":{"start":{"line":1,"column":5365},"end":{"line":1,"column":5380}},"185":{"start":{"line":1,"column":5384},"end":{"line":1,"column":5393}},"186":{"start":{"line":1,"column":5397},"end":{"line":1,"column":5430}},"187":{"start":{"line":1,"column":5434},"end":{"line":1,"column":5443}},"188":{"start":{"line":1,"column":5447},"end":{"line":1,"column":5487}},"189":{"start":{"line":1,"column":5459},"end":{"line":1,"column":5486}},"190":{"start":{"line":1,"column":5491},"end":{"line":1,"column":5493}},"191":{"start":{"line":1,"column":5497},"end":{"line":1,"column":5508}},"192":{"start":{"line":1,"column":5512},"end":{"line":1,"column":5521}},"193":{"start":{"line":1,"column":5522},"end":{"line":1,"column":5993}},"194":{"start":{"line":1,"column":5545},"end":{"line":1,"column":5570}},"195":{"start":{"line":1,"column":5574},"end":{"line":1,"column":5583}},"196":{"start":{"line":1,"column":5587},"end":{"line":1,"column":5596}},"197":{"start":{"line":1,"column":5600},"end":{"line":1,"column":5609}},"198":{"start":{"line":1,"column":5610},"end":{"line":1,"column":5781}},"199":{"start":{"line":1,"column":5627},"end":{"line":1,"column":5682}},"200":{"start":{"line":1,"column":5639},"end":{"line":1,"column":5682}},"201":{"start":{"line":1,"column":5682},"end":{"line":1,"column":5712}},"202":{"start":{"line":1,"column":5729},"end":{"line":1,"column":5748}},"203":{"start":{"line":1,"column":5765},"end":{"line":1,"column":5780}},"204":{"start":{"line":1,"column":5794},"end":{"line":1,"column":5805}},"205":{"start":{"line":1,"column":5806},"end":{"line":1,"column":5992}},"206":{"start":{"line":1,"column":5833},"end":{"line":1,"column":5888}},"207":{"start":{"line":1,"column":5845},"end":{"line":1,"column":5888}},"208":{"start":{"line":1,"column":5888},"end":{"line":1,"column":5918}},"209":{"start":{"line":1,"column":5935},"end":{"line":1,"column":5959}},"210":{"start":{"line":1,"column":5976},"end":{"line":1,"column":5991}},"211":{"start":{"line":1,"column":6000},"end":{"line":1,"column":6208}},"212":{"start":{"line":1,"column":6042},"end":{"line":1,"column":6069}},"213":{"start":{"line":1,"column":6093},"end":{"line":1,"column":6206}},"214":{"start":{"line":1,"column":6118},"end":{"line":1,"column":6197}},"215":{"start":{"line":1,"column":6147},"end":{"line":1,"column":6197}},"216":{"start":{"line":1,"column":6197},"end":{"line":1,"column":6205}},"217":{"start":{"line":1,"column":6212},"end":{"line":1,"column":6230}},"218":{"start":{"line":1,"column":6234},"end":{"line":1,"column":6268}},"219":{"start":{"line":1,"column":6272},"end":{"line":1,"column":6285}},"220":{"start":{"line":1,"column":6289},"end":{"line":1,"column":6396}},"221":{"start":{"line":1,"column":6400},"end":{"line":1,"column":6990}},"222":{"start":{"line":1,"column":6421},"end":{"line":1,"column":6436}},"223":{"start":{"line":1,"column":6439},"end":{"line":1,"column":6445}},"224":{"start":{"line":1,"column":6448},"end":{"line":1,"column":6458}},"225":{"start":{"line":1,"column":6461},"end":{"line":1,"column":6491}},"226":{"start":{"line":1,"column":6492},"end":{"line":1,"column":6987}},"227":{"start":{"line":1,"column":6529},"end":{"line":1,"column":6544}},"228":{"start":{"line":1,"column":6547},"end":{"line":1,"column":6566}},"229":{"start":{"line":1,"column":6569},"end":{"line":1,"column":6589}},"230":{"start":{"line":1,"column":6592},"end":{"line":1,"column":6619}},"231":{"start":{"line":1,"column":6620},"end":{"line":1,"column":6899}},"232":{"start":{"line":1,"column":6944},"end":{"line":1,"column":6984}},"233":{"start":{"line":1,"column":6994},"end":{"line":1,"column":7003}},"234":{"start":{"line":1,"column":7007},"end":{"line":1,"column":7017}},"235":{"start":{"line":1,"column":7021},"end":{"line":1,"column":7078}},"236":{"start":{"line":1,"column":7039},"end":{"line":1,"column":7041}},"237":{"start":{"line":1,"column":7042},"end":{"line":1,"column":7077}},"238":{"start":{"line":1,"column":7082},"end":{"line":1,"column":7090}},"239":{"start":{"line":1,"column":7094},"end":{"line":1,"column":7102}},"240":{"start":{"line":1,"column":7106},"end":{"line":1,"column":7161}},"241":{"start":{"line":1,"column":7126},"end":{"line":1,"column":7131}},"242":{"start":{"line":1,"column":7132},"end":{"line":1,"column":7160}},"243":{"start":{"line":1,"column":7165},"end":{"line":1,"column":7173}},"244":{"start":{"line":1,"column":7177},"end":{"line":1,"column":7229}},"245":{"start":{"line":1,"column":7189},"end":{"line":1,"column":7228}},"246":{"start":{"line":1,"column":7233},"end":{"line":1,"column":7265}},"247":{"start":{"line":1,"column":7245},"end":{"line":1,"column":7264}},"248":{"start":{"line":1,"column":7269},"end":{"line":1,"column":7455}},"249":{"start":{"line":1,"column":7281},"end":{"line":1,"column":7454}},"250":{"start":{"line":1,"column":7312},"end":{"line":1,"column":7316}},"251":{"start":{"line":1,"column":7319},"end":{"line":1,"column":7324}},"252":{"start":{"line":1,"column":7327},"end":{"line":1,"column":7334}},"253":{"start":{"line":1,"column":7335},"end":{"line":1,"column":7441}},"254":{"start":{"line":1,"column":7347},"end":{"line":1,"column":7382}},"255":{"start":{"line":1,"column":7357},"end":{"line":1,"column":7382}},"256":{"start":{"line":1,"column":7374},"end":{"line":1,"column":7382}},"257":{"start":{"line":1,"column":7388},"end":{"line":1,"column":7441}},"258":{"start":{"line":1,"column":7401},"end":{"line":1,"column":7441}},"259":{"start":{"line":1,"column":7426},"end":{"line":1,"column":7441}},"260":{"start":{"line":1,"column":7441},"end":{"line":1,"column":7453}},"261":{"start":{"line":1,"column":7459},"end":{"line":1,"column":7499}},"262":{"start":{"line":1,"column":7503},"end":{"line":1,"column":7513}},"263":{"start":{"line":1,"column":7517},"end":{"line":1,"column":7654}},"264":{"start":{"line":1,"column":7539},"end":{"line":1,"column":7543}},"265":{"start":{"line":1,"column":7546},"end":{"line":1,"column":7547}},"266":{"start":{"line":1,"column":7550},"end":{"line":1,"column":7552}},"267":{"start":{"line":1,"column":7553},"end":{"line":1,"column":7592}},"268":{"start":{"line":1,"column":7564},"end":{"line":1,"column":7592}},"269":{"start":{"line":1,"column":7592},"end":{"line":1,"column":7645}},"270":{"start":{"line":1,"column":7609},"end":{"line":1,"column":7645}},"271":{"start":{"line":1,"column":7645},"end":{"line":1,"column":7653}},"272":{"start":{"line":1,"column":7658},"end":{"line":1,"column":7767}},"273":{"start":{"line":1,"column":7771},"end":{"line":1,"column":7802}},"274":{"start":{"line":1,"column":7806},"end":{"line":1,"column":7866}},"275":{"start":{"line":1,"column":7849},"end":{"line":1,"column":7864}},"276":{"start":{"line":1,"column":7870},"end":{"line":1,"column":7902}},"277":{"start":{"line":1,"column":7906},"end":{"line":1,"column":7918}},"278":{"start":{"line":1,"column":7922},"end":{"line":1,"column":8005}},"279":{"start":{"line":1,"column":7964},"end":{"line":1,"column":7975}},"280":{"start":{"line":1,"column":7978},"end":{"line":1,"column":7982}},"281":{"start":{"line":1,"column":7983},"end":{"line":1,"column":8004}},"282":{"start":{"line":1,"column":8009},"end":{"line":1,"column":8122}},"283":{"start":{"line":1,"column":8025},"end":{"line":1,"column":8121}},"284":{"start":{"line":1,"column":8035},"end":{"line":1,"column":8040}},"285":{"start":{"line":1,"column":8043},"end":{"line":1,"column":8047}},"286":{"start":{"line":1,"column":8050},"end":{"line":1,"column":8054}},"287":{"start":{"line":1,"column":8057},"end":{"line":1,"column":8058}},"288":{"start":{"line":1,"column":8081},"end":{"line":1,"column":8085}},"289":{"start":{"line":1,"column":8086},"end":{"line":1,"column":8120}},"290":{"start":{"line":1,"column":8126},"end":{"line":1,"column":8143}},"291":{"start":{"line":1,"column":8147},"end":{"line":1,"column":8214}},"292":{"start":{"line":1,"column":8167},"end":{"line":1,"column":8176}},"293":{"start":{"line":1,"column":8177},"end":{"line":1,"column":8213}},"294":{"start":{"line":1,"column":8218},"end":{"line":1,"column":8290}},"295":{"start":{"line":1,"column":8243},"end":{"line":1,"column":8289}},"296":{"start":{"line":1,"column":8294},"end":{"line":1,"column":8304}},"297":{"start":{"line":1,"column":8308},"end":{"line":1,"column":8321}},"298":{"start":{"line":1,"column":8325},"end":{"line":1,"column":8340}},"299":{"start":{"line":1,"column":8344},"end":{"line":1,"column":8346}},"300":{"start":{"line":1,"column":8350},"end":{"line":1,"column":8354}},"301":{"start":{"line":1,"column":8358},"end":{"line":1,"column":8663}},"302":{"start":{"line":1,"column":8388},"end":{"line":1,"column":8396}},"303":{"start":{"line":1,"column":8399},"end":{"line":1,"column":8407}},"304":{"start":{"line":1,"column":8410},"end":{"line":1,"column":8416}},"305":{"start":{"line":1,"column":8417},"end":{"line":1,"column":8662}},"306":{"start":{"line":1,"column":8463},"end":{"line":1,"column":8662}},"307":{"start":{"line":1,"column":8475},"end":{"line":1,"column":8613}},"308":{"start":{"line":1,"column":8574},"end":{"line":1,"column":8605}},"309":{"start":{"line":1,"column":8596},"end":{"line":1,"column":8605}},"310":{"start":{"line":1,"column":8605},"end":{"line":1,"column":8612}},"311":{"start":{"line":1,"column":8613},"end":{"line":1,"column":8661}},"312":{"start":{"line":1,"column":8667},"end":{"line":1,"column":8669}},"313":{"start":{"line":1,"column":8670},"end":{"line":1,"column":8696}},"314":{"start":{"line":1,"column":8706},"end":{"line":1,"column":8731}},"315":{"start":{"line":1,"column":8735},"end":{"line":1,"column":8752}},"316":{"start":{"line":1,"column":8756},"end":{"line":1,"column":8764}},"317":{"start":{"line":1,"column":8768},"end":{"line":1,"column":8814}},"318":{"start":{"line":1,"column":8794},"end":{"line":1,"column":8810}},"319":{"start":{"line":1,"column":8818},"end":{"line":1,"column":9021}},"320":{"start":{"line":1,"column":8845},"end":{"line":1,"column":9020}},"321":{"start":{"line":1,"column":8924},"end":{"line":1,"column":8950}},"322":{"start":{"line":1,"column":8928},"end":{"line":1,"column":8939}},"323":{"start":{"line":1,"column":9025},"end":{"line":1,"column":9033}},"324":{"start":{"line":1,"column":9037},"end":{"line":1,"column":9143}},"325":{"start":{"line":1,"column":9049},"end":{"line":1,"column":9130}},"326":{"start":{"line":1,"column":9069},"end":{"line":1,"column":9130}},"327":{"start":{"line":1,"column":9130},"end":{"line":1,"column":9142}},"328":{"start":{"line":1,"column":9147},"end":{"line":1,"column":9332}},"329":{"start":{"line":1,"column":9164},"end":{"line":1,"column":9172}},"330":{"start":{"line":1,"column":9175},"end":{"line":1,"column":9177}},"331":{"start":{"line":1,"column":9178},"end":{"line":1,"column":9331}},"332":{"start":{"line":1,"column":9336},"end":{"line":1,"column":9344}},"333":{"start":{"line":1,"column":9348},"end":{"line":1,"column":9424}},"334":{"start":{"line":1,"column":9368},"end":{"line":1,"column":9379}},"335":{"start":{"line":1,"column":9380},"end":{"line":1,"column":9421}},"336":{"start":{"line":1,"column":9428},"end":{"line":1,"column":9474}},"337":{"start":{"line":1,"column":9446},"end":{"line":1,"column":9471}},"338":{"start":{"line":1,"column":9478},"end":{"line":1,"column":9608}},"339":{"start":{"line":1,"column":9516},"end":{"line":1,"column":9529}},"340":{"start":{"line":1,"column":9530},"end":{"line":1,"column":9570}},"341":{"start":{"line":1,"column":9612},"end":{"line":1,"column":9653}},"342":{"start":{"line":1,"column":9637},"end":{"line":1,"column":9652}},"343":{"start":{"line":1,"column":9657},"end":{"line":1,"column":9784}},"344":{"start":{"line":1,"column":9702},"end":{"line":1,"column":9708}},"345":{"start":{"line":1,"column":9708},"end":{"line":1,"column":9775}},"346":{"start":{"line":1,"column":9720},"end":{"line":1,"column":9724}},"347":{"start":{"line":1,"column":9727},"end":{"line":1,"column":9732}},"348":{"start":{"line":1,"column":9735},"end":{"line":1,"column":9743}},"349":{"start":{"line":1,"column":9746},"end":{"line":1,"column":9747}},"350":{"start":{"line":1,"column":9753},"end":{"line":1,"column":9775}},"351":{"start":{"line":1,"column":9775},"end":{"line":1,"column":9783}},"352":{"start":{"line":1,"column":9788},"end":{"line":1,"column":9794}},"353":{"start":{"line":1,"column":9798},"end":{"line":1,"column":9829}},"354":{"start":{"line":1,"column":9833},"end":{"line":1,"column":9847}},"355":{"start":{"line":1,"column":9851},"end":{"line":1,"column":9863}},"356":{"start":{"line":1,"column":9867},"end":{"line":1,"column":9911}},"357":{"start":{"line":1,"column":9879},"end":{"line":1,"column":9910}},"358":{"start":{"line":1,"column":9915},"end":{"line":1,"column":9997}},"359":{"start":{"line":1,"column":9927},"end":{"line":1,"column":9953}},"360":{"start":{"line":1,"column":9959},"end":{"line":1,"column":9980}},"361":{"start":{"line":1,"column":9981},"end":{"line":1,"column":9996}},"362":{"start":{"line":1,"column":10001},"end":{"line":1,"column":10366}},"363":{"start":{"line":1,"column":10012},"end":{"line":1,"column":10059}},"364":{"start":{"line":1,"column":10016},"end":{"line":1,"column":10048}},"365":{"start":{"line":1,"column":10067},"end":{"line":1,"column":10302}},"366":{"start":{"line":1,"column":10302},"end":{"line":1,"column":10354}},"367":{"start":{"line":1,"column":10312},"end":{"line":1,"column":10321}},"368":{"start":{"line":1,"column":10327},"end":{"line":1,"column":10354}},"369":{"start":{"line":1,"column":10354},"end":{"line":1,"column":10365}},"370":{"start":{"line":1,"column":10367},"end":{"line":1,"column":10377}},"371":{"start":{"line":1,"column":10384},"end":{"line":1,"column":10521}},"372":{"start":{"line":1,"column":10419},"end":{"line":1,"column":10520}},"373":{"start":{"line":1,"column":10525},"end":{"line":1,"column":10533}},"374":{"start":{"line":1,"column":10537},"end":{"line":1,"column":10618}},"375":{"start":{"line":1,"column":10557},"end":{"line":1,"column":10568}},"376":{"start":{"line":1,"column":10569},"end":{"line":1,"column":10615}},"377":{"start":{"line":1,"column":10622},"end":{"line":1,"column":10630}},"378":{"start":{"line":1,"column":10634},"end":{"line":1,"column":10738}},"379":{"start":{"line":1,"column":10654},"end":{"line":1,"column":10671}},"380":{"start":{"line":1,"column":10672},"end":{"line":1,"column":10735}},"381":{"start":{"line":1,"column":10742},"end":{"line":1,"column":10748}},"382":{"start":{"line":1,"column":10752},"end":{"line":1,"column":10803}},"383":{"start":{"line":1,"column":10807},"end":{"line":1,"column":10828}},"384":{"start":{"line":1,"column":10832},"end":{"line":1,"column":10834}},"385":{"start":{"line":1,"column":10838},"end":{"line":1,"column":10850}},"386":{"start":{"line":1,"column":10854},"end":{"line":1,"column":10867}},"387":{"start":{"line":1,"column":10871},"end":{"line":1,"column":10884}},"388":{"start":{"line":1,"column":10888},"end":{"line":1,"column":10899}},"389":{"start":{"line":1,"column":10903},"end":{"line":1,"column":10998}},"390":{"start":{"line":1,"column":10920},"end":{"line":1,"column":10923}},"391":{"start":{"line":1,"column":10926},"end":{"line":1,"column":10931}},"392":{"start":{"line":1,"column":10932},"end":{"line":1,"column":10995}},"393":{"start":{"line":1,"column":11002},"end":{"line":1,"column":11017}},"394":{"start":{"line":1,"column":11021},"end":{"line":1,"column":11048}},"395":{"start":{"line":1,"column":11049},"end":{"line":1,"column":11895}},"396":{"start":{"line":1,"column":11107},"end":{"line":1,"column":11111}},"397":{"start":{"line":1,"column":11114},"end":{"line":1,"column":11119}},"398":{"start":{"line":1,"column":11122},"end":{"line":1,"column":11127}},"399":{"start":{"line":1,"column":11130},"end":{"line":1,"column":11135}},"400":{"start":{"line":1,"column":11136},"end":{"line":1,"column":11210}},"401":{"start":{"line":1,"column":11141},"end":{"line":1,"column":11210}},"402":{"start":{"line":1,"column":11216},"end":{"line":1,"column":11224}},"403":{"start":{"line":1,"column":11227},"end":{"line":1,"column":11239}},"404":{"start":{"line":1,"column":11242},"end":{"line":1,"column":11249}},"405":{"start":{"line":1,"column":11252},"end":{"line":1,"column":11260}},"406":{"start":{"line":1,"column":11263},"end":{"line":1,"column":11264}},"407":{"start":{"line":1,"column":11267},"end":{"line":1,"column":11268}},"408":{"start":{"line":1,"column":11269},"end":{"line":1,"column":11884}},"409":{"start":{"line":1,"column":11740},"end":{"line":1,"column":11809}},"410":{"start":{"line":1,"column":11773},"end":{"line":1,"column":11809}},"411":{"start":{"line":1,"column":11818},"end":{"line":1,"column":11884}},"412":{"start":{"line":1,"column":11861},"end":{"line":1,"column":11884}},"413":{"start":{"line":1,"column":11884},"end":{"line":1,"column":11892}},"414":{"start":{"line":1,"column":11902},"end":{"line":1,"column":11904}},"415":{"start":{"line":1,"column":11905},"end":{"line":1,"column":11967}},"416":{"start":{"line":1,"column":11974},"end":{"line":1,"column":11992}},"417":{"start":{"line":1,"column":11996},"end":{"line":1,"column":12004}},"418":{"start":{"line":1,"column":12008},"end":{"line":1,"column":12015}},"419":{"start":{"line":1,"column":12019},"end":{"line":1,"column":12117}},"420":{"start":{"line":1,"column":12086},"end":{"line":1,"column":12115}},"421":{"start":{"line":1,"column":12121},"end":{"line":1,"column":12134}},"422":{"start":{"line":1,"column":12138},"end":{"line":1,"column":12154}},"423":{"start":{"line":1,"column":12158},"end":{"line":1,"column":12697}},"424":{"start":{"line":1,"column":12182},"end":{"line":1,"column":12187}},"425":{"start":{"line":1,"column":12190},"end":{"line":1,"column":12261}},"426":{"start":{"line":1,"column":12211},"end":{"line":1,"column":12213}},"427":{"start":{"line":1,"column":12214},"end":{"line":1,"column":12258}},"428":{"start":{"line":1,"column":12237},"end":{"line":1,"column":12245}},"429":{"start":{"line":1,"column":12264},"end":{"line":1,"column":12452}},"430":{"start":{"line":1,"column":12288},"end":{"line":1,"column":12290}},"431":{"start":{"line":1,"column":12293},"end":{"line":1,"column":12296}},"432":{"start":{"line":1,"column":12297},"end":{"line":1,"column":12449}},"433":{"start":{"line":1,"column":12368},"end":{"line":1,"column":12376}},"434":{"start":{"line":1,"column":12420},"end":{"line":1,"column":12436}},"435":{"start":{"line":1,"column":12453},"end":{"line":1,"column":12674}},"436":{"start":{"line":1,"column":12473},"end":{"line":1,"column":12482}},"437":{"start":{"line":1,"column":12485},"end":{"line":1,"column":12631}},"438":{"start":{"line":1,"column":12522},"end":{"line":1,"column":12526}},"439":{"start":{"line":1,"column":12529},"end":{"line":1,"column":12535}},"440":{"start":{"line":1,"column":12536},"end":{"line":1,"column":12628}},"441":{"start":{"line":1,"column":12632},"end":{"line":1,"column":12673}},"442":{"start":{"line":1,"column":12674},"end":{"line":1,"column":12696}},"443":{"start":{"line":1,"column":12701},"end":{"line":1,"column":12713}},"444":{"start":{"line":1,"column":12717},"end":{"line":1,"column":12733}},"445":{"start":{"line":1,"column":12737},"end":{"line":1,"column":12748}},"446":{"start":{"line":1,"column":12752},"end":{"line":1,"column":12973}},"447":{"start":{"line":1,"column":12764},"end":{"line":1,"column":12972}},"448":{"start":{"line":1,"column":12795},"end":{"line":1,"column":12803}},"449":{"start":{"line":1,"column":12806},"end":{"line":1,"column":12811}},"450":{"start":{"line":1,"column":12814},"end":{"line":1,"column":12822}},"451":{"start":{"line":1,"column":12823},"end":{"line":1,"column":12971}},"452":{"start":{"line":1,"column":12977},"end":{"line":1,"column":13013}},"453":{"start":{"line":1,"column":13017},"end":{"line":1,"column":13063}},"454":{"start":{"line":1,"column":13033},"end":{"line":1,"column":13062}},"455":{"start":{"line":1,"column":13067},"end":{"line":1,"column":13077}},"456":{"start":{"line":1,"column":13081},"end":{"line":1,"column":13093}},"457":{"start":{"line":1,"column":13097},"end":{"line":1,"column":13110}},"458":{"start":{"line":1,"column":13114},"end":{"line":1,"column":13125}},"459":{"start":{"line":1,"column":13129},"end":{"line":1,"column":13158}},"460":{"start":{"line":1,"column":13162},"end":{"line":1,"column":13183}},"461":{"start":{"line":1,"column":13187},"end":{"line":1,"column":13587}},"462":{"start":{"line":1,"column":13215},"end":{"line":1,"column":13225}},"463":{"start":{"line":1,"column":13228},"end":{"line":1,"column":13236}},"464":{"start":{"line":1,"column":13239},"end":{"line":1,"column":13241}},"465":{"start":{"line":1,"column":13242},"end":{"line":1,"column":13586}},"466":{"start":{"line":1,"column":13304},"end":{"line":1,"column":13561}},"467":{"start":{"line":1,"column":13328},"end":{"line":1,"column":13338}},"468":{"start":{"line":1,"column":13346},"end":{"line":1,"column":13355}},"469":{"start":{"line":1,"column":13363},"end":{"line":1,"column":13380}},"470":{"start":{"line":1,"column":13388},"end":{"line":1,"column":13403}},"471":{"start":{"line":1,"column":13411},"end":{"line":1,"column":13427}},"472":{"start":{"line":1,"column":13427},"end":{"line":1,"column":13433}},"473":{"start":{"line":1,"column":13447},"end":{"line":1,"column":13449}},"474":{"start":{"line":1,"column":13450},"end":{"line":1,"column":13468}},"475":{"start":{"line":1,"column":13459},"end":{"line":1,"column":13468}},"476":{"start":{"line":1,"column":13468},"end":{"line":1,"column":13552}},"477":{"start":{"line":1,"column":13482},"end":{"line":1,"column":13490}},"478":{"start":{"line":1,"column":13491},"end":{"line":1,"column":13551}},"479":{"start":{"line":1,"column":13552},"end":{"line":1,"column":13560}},"480":{"start":{"line":1,"column":13561},"end":{"line":1,"column":13583}},"481":{"start":{"line":1,"column":13591},"end":{"line":1,"column":13602}},"482":{"start":{"line":1,"column":13606},"end":{"line":1,"column":13774}},"483":{"start":{"line":1,"column":13626},"end":{"line":1,"column":13632}},"484":{"start":{"line":1,"column":13633},"end":{"line":1,"column":13682}},"485":{"start":{"line":1,"column":13648},"end":{"line":1,"column":13656}},"486":{"start":{"line":1,"column":13657},"end":{"line":1,"column":13681}},"487":{"start":{"line":1,"column":13682},"end":{"line":1,"column":13718}},"488":{"start":{"line":1,"column":13701},"end":{"line":1,"column":13718}},"489":{"start":{"line":1,"column":13718},"end":{"line":1,"column":13773}},"490":{"start":{"line":1,"column":13778},"end":{"line":1,"column":13791}},"491":{"start":{"line":1,"column":13795},"end":{"line":1,"column":13803}},"492":{"start":{"line":1,"column":13807},"end":{"line":1,"column":13815}},"493":{"start":{"line":1,"column":13819},"end":{"line":1,"column":13831}},"494":{"start":{"line":1,"column":13835},"end":{"line":1,"column":13845}},"495":{"start":{"line":1,"column":13849},"end":{"line":1,"column":13862}},"496":{"start":{"line":1,"column":13866},"end":{"line":1,"column":13877}},"497":{"start":{"line":1,"column":13881},"end":{"line":1,"column":13909}},"498":{"start":{"line":1,"column":13913},"end":{"line":1,"column":13946}},"499":{"start":{"line":1,"column":13947},"end":{"line":1,"column":14871}},"500":{"start":{"line":1,"column":13983},"end":{"line":1,"column":13994}},"501":{"start":{"line":1,"column":13995},"end":{"line":1,"column":14741}},"502":{"start":{"line":1,"column":14022},"end":{"line":1,"column":14029}},"503":{"start":{"line":1,"column":14032},"end":{"line":1,"column":14054}},"504":{"start":{"line":1,"column":14055},"end":{"line":1,"column":14089}},"505":{"start":{"line":1,"column":14111},"end":{"line":1,"column":14119}},"506":{"start":{"line":1,"column":14122},"end":{"line":1,"column":14127}},"507":{"start":{"line":1,"column":14128},"end":{"line":1,"column":14224}},"508":{"start":{"line":1,"column":14188},"end":{"line":1,"column":14198}},"509":{"start":{"line":1,"column":14199},"end":{"line":1,"column":14223}},"510":{"start":{"line":1,"column":14209},"end":{"line":1,"column":14223}},"511":{"start":{"line":1,"column":14230},"end":{"line":1,"column":14234}},"512":{"start":{"line":1,"column":14235},"end":{"line":1,"column":14248}},"513":{"start":{"line":1,"column":14254},"end":{"line":1,"column":14262}},"514":{"start":{"line":1,"column":14263},"end":{"line":1,"column":14299}},"515":{"start":{"line":1,"column":14275},"end":{"line":1,"column":14284}},"516":{"start":{"line":1,"column":14285},"end":{"line":1,"column":14298}},"517":{"start":{"line":1,"column":14299},"end":{"line":1,"column":14420}},"518":{"start":{"line":1,"column":14309},"end":{"line":1,"column":14311}},"519":{"start":{"line":1,"column":14321},"end":{"line":1,"column":14328}},"520":{"start":{"line":1,"column":14329},"end":{"line":1,"column":14347}},"521":{"start":{"line":1,"column":14341},"end":{"line":1,"column":14347}},"522":{"start":{"line":1,"column":14347},"end":{"line":1,"column":14367}},"523":{"start":{"line":1,"column":14361},"end":{"line":1,"column":14367}},"524":{"start":{"line":1,"column":14367},"end":{"line":1,"column":14419}},"525":{"start":{"line":1,"column":14420},"end":{"line":1,"column":14723}},"526":{"start":{"line":1,"column":14432},"end":{"line":1,"column":14434}},"527":{"start":{"line":1,"column":14437},"end":{"line":1,"column":14438}},"528":{"start":{"line":1,"column":14441},"end":{"line":1,"column":14442}},"529":{"start":{"line":1,"column":14459},"end":{"line":1,"column":14578}},"530":{"start":{"line":1,"column":14469},"end":{"line":1,"column":14484}},"531":{"start":{"line":1,"column":14487},"end":{"line":1,"column":14517}},"532":{"start":{"line":1,"column":14520},"end":{"line":1,"column":14522}},"533":{"start":{"line":1,"column":14525},"end":{"line":1,"column":14526}},"534":{"start":{"line":1,"column":14542},"end":{"line":1,"column":14578}},"535":{"start":{"line":1,"column":14584},"end":{"line":1,"column":14592}},"536":{"start":{"line":1,"column":14593},"end":{"line":1,"column":14687}},"537":{"start":{"line":1,"column":14605},"end":{"line":1,"column":14618}},"538":{"start":{"line":1,"column":14619},"end":{"line":1,"column":14639}},"539":{"start":{"line":1,"column":14645},"end":{"line":1,"column":14663}},"540":{"start":{"line":1,"column":14669},"end":{"line":1,"column":14687}},"541":{"start":{"line":1,"column":14687},"end":{"line":1,"column":14722}},"542":{"start":{"line":1,"column":14723},"end":{"line":1,"column":14739}},"543":{"start":{"line":1,"column":14766},"end":{"line":1,"column":14769}},"544":{"start":{"line":1,"column":14770},"end":{"line":1,"column":14857}},"545":{"start":{"line":1,"column":14801},"end":{"line":1,"column":14803}},"546":{"start":{"line":1,"column":14804},"end":{"line":1,"column":14829}},"547":{"start":{"line":1,"column":14878},"end":{"line":1,"column":14934}},"548":{"start":{"line":1,"column":14904},"end":{"line":1,"column":14933}},"549":{"start":{"line":1,"column":14935},"end":{"line":1,"column":14986}},"550":{"start":{"line":1,"column":14993},"end":{"line":1,"column":15009}},"551":{"start":{"line":1,"column":15013},"end":{"line":1,"column":15106}},"552":{"start":{"line":1,"column":15031},"end":{"line":1,"column":15038}},"553":{"start":{"line":1,"column":15039},"end":{"line":1,"column":15105}},"554":{"start":{"line":1,"column":15110},"end":{"line":1,"column":15119}},"555":{"start":{"line":1,"column":15123},"end":{"line":1,"column":15148}},"556":{"start":{"line":1,"column":15152},"end":{"line":1,"column":15214}},"557":{"start":{"line":1,"column":15166},"end":{"line":1,"column":15211}},"558":{"start":{"line":1,"column":15218},"end":{"line":1,"column":15241}},"559":{"start":{"line":1,"column":15242},"end":{"line":1,"column":15362}},"560":{"start":{"line":1,"column":15301},"end":{"line":1,"column":15309}},"561":{"start":{"line":1,"column":15310},"end":{"line":1,"column":15346}},"562":{"start":{"line":1,"column":15381},"end":{"line":1,"column":15455}},"563":{"start":{"line":1,"column":15444},"end":{"line":1,"column":15455}},"564":{"start":{"line":1,"column":15461},"end":{"line":1,"column":15475}},"565":{"start":{"line":1,"column":15478},"end":{"line":1,"column":15491}},"566":{"start":{"line":1,"column":15494},"end":{"line":1,"column":15495}},"567":{"start":{"line":1,"column":15496},"end":{"line":1,"column":15606}},"568":{"start":{"line":1,"column":15606},"end":{"line":1,"column":16088}},"569":{"start":{"line":1,"column":15610},"end":{"line":1,"column":16033}},"570":{"start":{"line":1,"column":15670},"end":{"line":1,"column":16030}},"571":{"start":{"line":1,"column":15695},"end":{"line":1,"column":15706}},"572":{"start":{"line":1,"column":15707},"end":{"line":1,"column":16023}},"573":{"start":{"line":1,"column":16043},"end":{"line":1,"column":16087}},"574":{"start":{"line":1,"column":16096},"end":{"line":1,"column":16481}},"575":{"start":{"line":1,"column":16501},"end":{"line":1,"column":16589}},"576":{"start":{"line":1,"column":16530},"end":{"line":1,"column":16589}},"577":{"start":{"line":1,"column":16589},"end":{"line":1,"column":16886}},"578":{"start":{"line":1,"column":16599},"end":{"line":1,"column":16609}},"579":{"start":{"line":1,"column":16612},"end":{"line":1,"column":16646}},"580":{"start":{"line":1,"column":16649},"end":{"line":1,"column":16660}},"581":{"start":{"line":1,"column":16663},"end":{"line":1,"column":16684}},"582":{"start":{"line":1,"column":16687},"end":{"line":1,"column":16702}},"583":{"start":{"line":1,"column":16705},"end":{"line":1,"column":16719}},"584":{"start":{"line":1,"column":16722},"end":{"line":1,"column":16736}},"585":{"start":{"line":1,"column":16739},"end":{"line":1,"column":16752}},"586":{"start":{"line":1,"column":16755},"end":{"line":1,"column":16757}},"587":{"start":{"line":1,"column":16760},"end":{"line":1,"column":16771}},"588":{"start":{"line":1,"column":16774},"end":{"line":1,"column":16785}},"589":{"start":{"line":1,"column":16788},"end":{"line":1,"column":16799}},"590":{"start":{"line":1,"column":16802},"end":{"line":1,"column":16807}},"591":{"start":{"line":1,"column":16810},"end":{"line":1,"column":16815}},"592":{"start":{"line":1,"column":16818},"end":{"line":1,"column":16823}},"593":{"start":{"line":1,"column":16826},"end":{"line":1,"column":16832}},"594":{"start":{"line":1,"column":16835},"end":{"line":1,"column":16836}},"595":{"start":{"line":1,"column":16853},"end":{"line":1,"column":16886}},"596":{"start":{"line":1,"column":16886},"end":{"line":1,"column":16938}},"597":{"start":{"line":1,"column":16954},"end":{"line":1,"column":16971}},"598":{"start":{"line":1,"column":16991},"end":{"line":1,"column":17082}},"599":{"start":{"line":1,"column":17098},"end":{"line":1,"column":17113}},"600":{"start":{"line":1,"column":17121},"end":{"line":1,"column":17168}},"601":{"start":{"line":1,"column":17148},"end":{"line":1,"column":17167}},"602":{"start":{"line":1,"column":17172},"end":{"line":1,"column":17184}},"603":{"start":{"line":1,"column":17188},"end":{"line":1,"column":17190}},"604":{"start":{"line":1,"column":17194},"end":{"line":1,"column":17218}},"605":{"start":{"line":1,"column":17222},"end":{"line":1,"column":17248}},"606":{"start":{"line":1,"column":17252},"end":{"line":1,"column":17262}},"607":{"start":{"line":1,"column":17266},"end":{"line":1,"column":17278}},"608":{"start":{"line":1,"column":17282},"end":{"line":1,"column":17357}},"609":{"start":{"line":1,"column":17294},"end":{"line":1,"column":17312}},"610":{"start":{"line":1,"column":17303},"end":{"line":1,"column":17312}},"611":{"start":{"line":1,"column":17312},"end":{"line":1,"column":17356}},"612":{"start":{"line":1,"column":17316},"end":{"line":1,"column":17337}},"613":{"start":{"line":1,"column":17347},"end":{"line":1,"column":17355}},"614":{"start":{"line":1,"column":17361},"end":{"line":1,"column":17536}},"615":{"start":{"line":1,"column":17373},"end":{"line":1,"column":17391}},"616":{"start":{"line":1,"column":17382},"end":{"line":1,"column":17391}},"617":{"start":{"line":1,"column":17391},"end":{"line":1,"column":17487}},"618":{"start":{"line":1,"column":17478},"end":{"line":1,"column":17486}},"619":{"start":{"line":1,"column":17487},"end":{"line":1,"column":17535}},"620":{"start":{"line":1,"column":17491},"end":{"line":1,"column":17516}},"621":{"start":{"line":1,"column":17526},"end":{"line":1,"column":17534}},"622":{"start":{"line":1,"column":17537},"end":{"line":1,"column":17548}},"623":{"start":{"line":1,"column":17555},"end":{"line":1,"column":17648}},"624":{"start":{"line":1,"column":17580},"end":{"line":1,"column":17639}},"625":{"start":{"line":1,"column":17629},"end":{"line":1,"column":17633}},"626":{"start":{"line":1,"column":17652},"end":{"line":1,"column":17711}},"627":{"start":{"line":1,"column":17674},"end":{"line":1,"column":17679}},"628":{"start":{"line":1,"column":17680},"end":{"line":1,"column":17710}},"629":{"start":{"line":1,"column":17715},"end":{"line":1,"column":17728}},"630":{"start":{"line":1,"column":17732},"end":{"line":1,"column":17862}},"631":{"start":{"line":1,"column":17744},"end":{"line":1,"column":17861}},"632":{"start":{"line":1,"column":17779},"end":{"line":1,"column":17781}},"633":{"start":{"line":1,"column":17782},"end":{"line":1,"column":17858}},"634":{"start":{"line":1,"column":17822},"end":{"line":1,"column":17835}},"635":{"start":{"line":1,"column":17866},"end":{"line":1,"column":17877}},"636":{"start":{"line":1,"column":17881},"end":{"line":1,"column":17892}},"637":{"start":{"line":1,"column":17896},"end":{"line":1,"column":17909}},"638":{"start":{"line":1,"column":17913},"end":{"line":1,"column":17920}},"639":{"start":{"line":1,"column":17924},"end":{"line":1,"column":17932}},"640":{"start":{"line":1,"column":17952},"end":{"line":1,"column":17989}},"641":{"start":{"line":1,"column":17995},"end":{"line":1,"column":18002}},"642":{"start":{"line":1,"column":18005},"end":{"line":1,"column":18008}},"643":{"start":{"line":1,"column":18009},"end":{"line":1,"column":18028}},"644":{"start":{"line":1,"column":18029},"end":{"line":1,"column":18384}},"645":{"start":{"line":1,"column":18102},"end":{"line":1,"column":18109}},"646":{"start":{"line":1,"column":18112},"end":{"line":1,"column":18117}},"647":{"start":{"line":1,"column":18120},"end":{"line":1,"column":18127}},"648":{"start":{"line":1,"column":18130},"end":{"line":1,"column":18150}},"649":{"start":{"line":1,"column":18151},"end":{"line":1,"column":18286}},"650":{"start":{"line":1,"column":18269},"end":{"line":1,"column":18286}},"651":{"start":{"line":1,"column":18286},"end":{"line":1,"column":18361}},"652":{"start":{"line":1,"column":18340},"end":{"line":1,"column":18361}},"653":{"start":{"line":1,"column":18361},"end":{"line":1,"column":18380}},"654":{"start":{"line":1,"column":18391},"end":{"line":1,"column":18400}},"655":{"start":{"line":1,"column":18404},"end":{"line":1,"column":18417}},"656":{"start":{"line":1,"column":18421},"end":{"line":1,"column":18428}},"657":{"start":{"line":1,"column":18432},"end":{"line":1,"column":18610}},"658":{"start":{"line":1,"column":18446},"end":{"line":1,"column":18609}},"659":{"start":{"line":1,"column":18475},"end":{"line":1,"column":18593}},"660":{"start":{"line":1,"column":18614},"end":{"line":1,"column":18624}},"661":{"start":{"line":1,"column":18628},"end":{"line":1,"column":19102}},"662":{"start":{"line":1,"column":18646},"end":{"line":1,"column":18650}},"663":{"start":{"line":1,"column":18653},"end":{"line":1,"column":18657}},"664":{"start":{"line":1,"column":18660},"end":{"line":1,"column":18664}},"665":{"start":{"line":1,"column":18667},"end":{"line":1,"column":18671}},"666":{"start":{"line":1,"column":18674},"end":{"line":1,"column":18678}},"667":{"start":{"line":1,"column":18681},"end":{"line":1,"column":18685}},"668":{"start":{"line":1,"column":18688},"end":{"line":1,"column":18695}},"669":{"start":{"line":1,"column":18696},"end":{"line":1,"column":19101}},"670":{"start":{"line":1,"column":18721},"end":{"line":1,"column":19080}},"671":{"start":{"line":1,"column":18735},"end":{"line":1,"column":18740}},"672":{"start":{"line":1,"column":18743},"end":{"line":1,"column":18747}},"673":{"start":{"line":1,"column":18750},"end":{"line":1,"column":18844}},"674":{"start":{"line":1,"column":18764},"end":{"line":1,"column":18838}},"675":{"start":{"line":1,"column":18810},"end":{"line":1,"column":18837}},"676":{"start":{"line":1,"column":18847},"end":{"line":1,"column":18852}},"677":{"start":{"line":1,"column":18855},"end":{"line":1,"column":18856}},"678":{"start":{"line":1,"column":18859},"end":{"line":1,"column":18864}},"679":{"start":{"line":1,"column":18867},"end":{"line":1,"column":18894}},"680":{"start":{"line":1,"column":18903},"end":{"line":1,"column":19080}},"681":{"start":{"line":1,"column":18939},"end":{"line":1,"column":19080}},"682":{"start":{"line":1,"column":18944},"end":{"line":1,"column":18951}},"683":{"start":{"line":1,"column":18956},"end":{"line":1,"column":19080}},"684":{"start":{"line":1,"column":18961},"end":{"line":1,"column":19034}},"685":{"start":{"line":1,"column":18978},"end":{"line":1,"column":18987}},"686":{"start":{"line":1,"column":18994},"end":{"line":1,"column":19003}},"687":{"start":{"line":1,"column":19010},"end":{"line":1,"column":19019}},"688":{"start":{"line":1,"column":19026},"end":{"line":1,"column":19033}},"689":{"start":{"line":1,"column":19039},"end":{"line":1,"column":19080}},"690":{"start":{"line":1,"column":19056},"end":{"line":1,"column":19065}},"691":{"start":{"line":1,"column":19072},"end":{"line":1,"column":19079}},"692":{"start":{"line":1,"column":19080},"end":{"line":1,"column":19100}},"693":{"start":{"line":1,"column":19106},"end":{"line":1,"column":19213}},"694":{"start":{"line":1,"column":19217},"end":{"line":1,"column":19223}},"695":{"start":{"line":1,"column":19224},"end":{"line":1,"column":19348}},"696":{"start":{"line":1,"column":19288},"end":{"line":1,"column":19344}},"697":{"start":{"line":1,"column":19361},"end":{"line":1,"column":19862}},"698":{"start":{"line":1,"column":19866},"end":{"line":1,"column":19886}},"699":{"start":{"line":1,"column":19890},"end":{"line":1,"column":19934}},"700":{"start":{"line":1,"column":19938},"end":{"line":1,"column":19969}},"701":{"start":{"line":1,"column":19973},"end":{"line":1,"column":19983}},"702":{"start":{"line":1,"column":19987},"end":{"line":1,"column":20147}},"703":{"start":{"line":1,"column":20023},"end":{"line":1,"column":20063}},"704":{"start":{"line":1,"column":20051},"end":{"line":1,"column":20059}},"705":{"start":{"line":1,"column":20090},"end":{"line":1,"column":20146}},"706":{"start":{"line":1,"column":20151},"end":{"line":1,"column":20230}},"707":{"start":{"line":1,"column":20163},"end":{"line":1,"column":20229}},"708":{"start":{"line":1,"column":20184},"end":{"line":1,"column":20229}},"709":{"start":{"line":1,"column":20188},"end":{"line":1,"column":20206}},"710":{"start":{"line":1,"column":20216},"end":{"line":1,"column":20228}},"711":{"start":{"line":1,"column":20231},"end":{"line":1,"column":20283}},"712":{"start":{"line":1,"column":20248},"end":{"line":1,"column":20283}},"713":{"start":{"line":16,"column":23},"end":{"line":16,"column":68}},"714":{"start":{"line":16,"column":69},"end":{"line":16,"column":84}},"715":{"start":{"line":16,"column":75},"end":{"line":16,"column":84}},"716":{"start":{"line":16,"column":94},"end":{"line":16,"column":103}},"717":{"start":{"line":16,"column":106},"end":{"line":16,"column":108}},"718":{"start":{"line":16,"column":109},"end":{"line":16,"column":273}},"719":{"start":{"line":16,"column":113},"end":{"line":16,"column":175}},"720":{"start":{"line":16,"column":160},"end":{"line":16,"column":175}},"721":{"start":{"line":16,"column":185},"end":{"line":16,"column":196}},"722":{"start":{"line":16,"column":205},"end":{"line":16,"column":272}},"723":{"start":{"line":16,"column":209},"end":{"line":16,"column":244}},"724":{"start":{"line":16,"column":253},"end":{"line":16,"column":271}},"725":{"start":{"line":16,"column":258},"end":{"line":16,"column":271}},"726":{"start":{"line":16,"column":273},"end":{"line":16,"column":281}},"727":{"start":{"line":16,"column":303},"end":{"line":16,"column":326}},"728":{"start":{"line":16,"column":329},"end":{"line":16,"column":333}},"729":{"start":{"line":16,"column":334},"end":{"line":16,"column":428}},"730":{"start":{"line":16,"column":369},"end":{"line":16,"column":371}},"731":{"start":{"line":16,"column":372},"end":{"line":16,"column":425}},"732":{"start":{"line":16,"column":404},"end":{"line":16,"column":420}},"733":{"start":{"line":16,"column":429},"end":{"line":16,"column":830}},"734":{"start":{"line":16,"column":464},"end":{"line":16,"column":826}},"735":{"start":{"line":16,"column":489},"end":{"line":16,"column":496}},"736":{"start":{"line":16,"column":499},"end":{"line":16,"column":520}},"737":{"start":{"line":16,"column":521},"end":{"line":16,"column":562}},"738":{"start":{"line":16,"column":582},"end":{"line":16,"column":590}},"739":{"start":{"line":16,"column":593},"end":{"line":16,"column":598}},"740":{"start":{"line":16,"column":601},"end":{"line":16,"column":609}},"741":{"start":{"line":16,"column":610},"end":{"line":16,"column":635}},"742":{"start":{"line":16,"column":620},"end":{"line":16,"column":635}},"743":{"start":{"line":16,"column":635},"end":{"line":16,"column":663}},"744":{"start":{"line":16,"column":648},"end":{"line":16,"column":663}},"745":{"start":{"line":16,"column":669},"end":{"line":16,"column":678}},"746":{"start":{"line":16,"column":679},"end":{"line":16,"column":693}},"747":{"start":{"line":16,"column":693},"end":{"line":16,"column":805}},"748":{"start":{"line":16,"column":705},"end":{"line":16,"column":707}},"749":{"start":{"line":16,"column":710},"end":{"line":16,"column":711}},"750":{"start":{"line":16,"column":739},"end":{"line":16,"column":747}},"751":{"start":{"line":16,"column":748},"end":{"line":16,"column":804}},"752":{"start":{"line":16,"column":805},"end":{"line":16,"column":824}},"753":{"start":{"line":16,"column":837},"end":{"line":16,"column":845}},"754":{"start":{"line":16,"column":849},"end":{"line":16,"column":860}},"755":{"start":{"line":16,"column":864},"end":{"line":16,"column":1215}},"756":{"start":{"line":16,"column":923},"end":{"line":16,"column":925}},"757":{"start":{"line":16,"column":928},"end":{"line":16,"column":930}},"758":{"start":{"line":16,"column":931},"end":{"line":16,"column":1045}},"759":{"start":{"line":16,"column":935},"end":{"line":16,"column":1034}},"760":{"start":{"line":16,"column":1045},"end":{"line":16,"column":1204}},"761":{"start":{"line":16,"column":1066},"end":{"line":16,"column":1203}},"762":{"start":{"line":16,"column":1091},"end":{"line":16,"column":1128}},"763":{"start":{"line":16,"column":1119},"end":{"line":16,"column":1128}},"764":{"start":{"line":16,"column":1128},"end":{"line":16,"column":1174}},"765":{"start":{"line":16,"column":1219},"end":{"line":16,"column":1326}},"766":{"start":{"line":16,"column":1243},"end":{"line":16,"column":1325}},"767":{"start":{"line":16,"column":1330},"end":{"line":16,"column":1341}},"768":{"start":{"line":16,"column":1345},"end":{"line":16,"column":1416}},"769":{"start":{"line":16,"column":1363},"end":{"line":16,"column":1415}},"770":{"start":{"line":16,"column":1420},"end":{"line":16,"column":1424}},"771":{"start":{"line":16,"column":1428},"end":{"line":16,"column":1530}},"772":{"start":{"line":16,"column":1444},"end":{"line":16,"column":1529}},"773":{"start":{"line":16,"column":1491},"end":{"line":16,"column":1502}},"774":{"start":{"line":16,"column":1520},"end":{"line":16,"column":1526}},"775":{"start":{"line":16,"column":1534},"end":{"line":16,"column":1547}},"776":{"start":{"line":16,"column":1551},"end":{"line":16,"column":1555}},"777":{"start":{"line":16,"column":1559},"end":{"line":16,"column":1569}},"778":{"start":{"line":16,"column":1573},"end":{"line":16,"column":1584}},"779":{"start":{"line":16,"column":1588},"end":{"line":16,"column":1596}},"780":{"start":{"line":16,"column":1600},"end":{"line":16,"column":1612}},"781":{"start":{"line":16,"column":1616},"end":{"line":16,"column":1629}},"782":{"start":{"line":16,"column":1633},"end":{"line":16,"column":1643}},"783":{"start":{"line":16,"column":1647},"end":{"line":16,"column":1659}},"784":{"start":{"line":16,"column":1663},"end":{"line":16,"column":1676}},"785":{"start":{"line":16,"column":1680},"end":{"line":16,"column":1693}},"786":{"start":{"line":16,"column":1697},"end":{"line":16,"column":1708}},"787":{"start":{"line":16,"column":1712},"end":{"line":16,"column":1754}},"788":{"start":{"line":16,"column":1758},"end":{"line":16,"column":1762}},"789":{"start":{"line":16,"column":1766},"end":{"line":16,"column":1770}},"790":{"start":{"line":16,"column":1774},"end":{"line":16,"column":1789}},"791":{"start":{"line":16,"column":1793},"end":{"line":16,"column":1809}},"792":{"start":{"line":16,"column":1813},"end":{"line":16,"column":1829}},"793":{"start":{"line":16,"column":1833},"end":{"line":16,"column":1931}},"794":{"start":{"line":16,"column":1868},"end":{"line":16,"column":1927}},"795":{"start":{"line":16,"column":1932},"end":{"line":16,"column":3159}},"796":{"start":{"line":16,"column":1952},"end":{"line":16,"column":3107}},"797":{"start":{"line":16,"column":1963},"end":{"line":16,"column":3058}},"798":{"start":{"line":16,"column":1995},"end":{"line":16,"column":2005}},"799":{"start":{"line":16,"column":2008},"end":{"line":16,"column":2013}},"800":{"start":{"line":16,"column":2016},"end":{"line":16,"column":2026}},"801":{"start":{"line":16,"column":2029},"end":{"line":16,"column":2031}},"802":{"start":{"line":16,"column":2034},"end":{"line":16,"column":2035}},"803":{"start":{"line":16,"column":2036},"end":{"line":16,"column":2077}},"804":{"start":{"line":16,"column":2068},"end":{"line":16,"column":2077}},"805":{"start":{"line":16,"column":2077},"end":{"line":16,"column":3049}},"806":{"start":{"line":16,"column":2315},"end":{"line":16,"column":2679}},"807":{"start":{"line":16,"column":2327},"end":{"line":16,"column":2335}},"808":{"start":{"line":16,"column":2338},"end":{"line":16,"column":2339}},"809":{"start":{"line":16,"column":2342},"end":{"line":16,"column":2344}},"810":{"start":{"line":16,"column":2347},"end":{"line":16,"column":2349}},"811":{"start":{"line":16,"column":2352},"end":{"line":16,"column":2354}},"812":{"start":{"line":16,"column":2357},"end":{"line":16,"column":2359}},"813":{"start":{"line":16,"column":2362},"end":{"line":16,"column":2364}},"814":{"start":{"line":16,"column":2367},"end":{"line":16,"column":2368}},"815":{"start":{"line":16,"column":2371},"end":{"line":16,"column":2373}},"816":{"start":{"line":16,"column":2384},"end":{"line":16,"column":2667}},"817":{"start":{"line":16,"column":2406},"end":{"line":16,"column":2419}},"818":{"start":{"line":16,"column":2424},"end":{"line":16,"column":2667}},"819":{"start":{"line":16,"column":2435},"end":{"line":16,"column":2440}},"820":{"start":{"line":16,"column":2445},"end":{"line":16,"column":2667}},"821":{"start":{"line":16,"column":2451},"end":{"line":16,"column":2667}},"822":{"start":{"line":16,"column":2474},"end":{"line":16,"column":2479}},"823":{"start":{"line":16,"column":2479},"end":{"line":16,"column":2485}},"824":{"start":{"line":16,"column":2497},"end":{"line":16,"column":2536}},"825":{"start":{"line":16,"column":2536},"end":{"line":16,"column":2545}},"826":{"start":{"line":16,"column":2560},"end":{"line":16,"column":2622}},"827":{"start":{"line":16,"column":2579},"end":{"line":16,"column":2622}},"828":{"start":{"line":16,"column":2622},"end":{"line":16,"column":2658}},"829":{"start":{"line":16,"column":2658},"end":{"line":16,"column":2666}},"830":{"start":{"line":16,"column":2667},"end":{"line":16,"column":2678}},"831":{"start":{"line":16,"column":2679},"end":{"line":16,"column":2690}},"832":{"start":{"line":16,"column":2801},"end":{"line":16,"column":2940}},"833":{"start":{"line":16,"column":2813},"end":{"line":16,"column":2821}},"834":{"start":{"line":16,"column":2824},"end":{"line":16,"column":2825}},"835":{"start":{"line":16,"column":2828},"end":{"line":16,"column":2830}},"836":{"start":{"line":16,"column":2833},"end":{"line":16,"column":2835}},"837":{"start":{"line":16,"column":2845},"end":{"line":16,"column":2940}},"838":{"start":{"line":16,"column":2940},"end":{"line":16,"column":2948}},"839":{"start":{"line":16,"column":3004},"end":{"line":16,"column":3049}},"840":{"start":{"line":16,"column":3008},"end":{"line":16,"column":3038}},"841":{"start":{"line":16,"column":3049},"end":{"line":16,"column":3057}},"842":{"start":{"line":16,"column":3062},"end":{"line":16,"column":3068}},"843":{"start":{"line":16,"column":3072},"end":{"line":16,"column":3073}},"844":{"start":{"line":16,"column":3088},"end":{"line":16,"column":3107}},"845":{"start":{"line":16,"column":3107},"end":{"line":16,"column":3158}},"846":{"start":{"line":16,"column":3159},"end":{"line":16,"column":3269}},"847":{"start":{"line":16,"column":3178},"end":{"line":16,"column":3182}},"848":{"start":{"line":16,"column":3185},"end":{"line":16,"column":3189}},"849":{"start":{"line":16,"column":3190},"end":{"line":16,"column":3257}},"850":{"start":{"line":16,"column":3243},"end":{"line":16,"column":3254}},"851":{"start":{"line":16,"column":3276},"end":{"line":16,"column":3341}},"852":{"start":{"line":16,"column":3301},"end":{"line":16,"column":3340}},"853":{"start":{"line":16,"column":3357},"end":{"line":16,"column":3457}},"854":{"start":{"line":16,"column":3382},"end":{"line":16,"column":3437}},"855":{"start":{"line":16,"column":3438},"end":{"line":16,"column":3456}},"856":{"start":{"line":16,"column":3458},"end":{"line":16,"column":3782}},"857":{"start":{"line":16,"column":3487},"end":{"line":16,"column":3778}},"858":{"start":{"line":16,"column":3512},"end":{"line":16,"column":3519}},"859":{"start":{"line":16,"column":3522},"end":{"line":16,"column":3543}},"860":{"start":{"line":16,"column":3544},"end":{"line":16,"column":3585}},"861":{"start":{"line":16,"column":3605},"end":{"line":16,"column":3613}},"862":{"start":{"line":16,"column":3616},"end":{"line":16,"column":3621}},"863":{"start":{"line":16,"column":3624},"end":{"line":16,"column":3632}},"864":{"start":{"line":16,"column":3633},"end":{"line":16,"column":3658}},"865":{"start":{"line":16,"column":3643},"end":{"line":16,"column":3658}},"866":{"start":{"line":16,"column":3664},"end":{"line":16,"column":3675}},"867":{"start":{"line":16,"column":3676},"end":{"line":16,"column":3701}},"868":{"start":{"line":16,"column":3707},"end":{"line":16,"column":3714}},"869":{"start":{"line":16,"column":3715},"end":{"line":16,"column":3776}},"870":{"start":{"line":16,"column":3789},"end":{"line":16,"column":3813}},"871":{"start":{"line":16,"column":3817},"end":{"line":16,"column":3843}},"872":{"start":{"line":16,"column":3847},"end":{"line":16,"column":3877}},"873":{"start":{"line":16,"column":3861},"end":{"line":16,"column":3876}},"874":{"start":{"line":16,"column":3881},"end":{"line":16,"column":3894}},"875":{"start":{"line":16,"column":3898},"end":{"line":16,"column":3945}},"876":{"start":{"line":16,"column":3949},"end":{"line":16,"column":3962}},"877":{"start":{"line":16,"column":3966},"end":{"line":16,"column":3976}},"878":{"start":{"line":16,"column":3980},"end":{"line":16,"column":4001}},"879":{"start":{"line":16,"column":4005},"end":{"line":16,"column":4023}},"880":{"start":{"line":16,"column":4027},"end":{"line":16,"column":4125}},"881":{"start":{"line":16,"column":4039},"end":{"line":16,"column":4124}},"882":{"start":{"line":16,"column":4064},"end":{"line":16,"column":4072}},"883":{"start":{"line":16,"column":4073},"end":{"line":16,"column":4123}},"884":{"start":{"line":16,"column":4129},"end":{"line":16,"column":4163}},"885":{"start":{"line":16,"column":4167},"end":{"line":16,"column":4171}},"886":{"start":{"line":16,"column":4175},"end":{"line":16,"column":4179}},"887":{"start":{"line":16,"column":4183},"end":{"line":16,"column":4187}},"888":{"start":{"line":16,"column":4191},"end":{"line":16,"column":4198}},"889":{"start":{"line":16,"column":4202},"end":{"line":16,"column":4210}},"890":{"start":{"line":16,"column":4214},"end":{"line":16,"column":4226}},"891":{"start":{"line":16,"column":4230},"end":{"line":16,"column":4241}},"892":{"start":{"line":16,"column":4245},"end":{"line":16,"column":4256}},"893":{"start":{"line":16,"column":4260},"end":{"line":16,"column":4276}},"894":{"start":{"line":16,"column":4280},"end":{"line":16,"column":4346}},"895":{"start":{"line":16,"column":4298},"end":{"line":16,"column":4312}},"896":{"start":{"line":16,"column":4313},"end":{"line":16,"column":4345}},"897":{"start":{"line":16,"column":4350},"end":{"line":16,"column":4785}},"898":{"start":{"line":16,"column":4384},"end":{"line":16,"column":4398}},"899":{"start":{"line":16,"column":4399},"end":{"line":16,"column":4461}},"900":{"start":{"line":16,"column":4407},"end":{"line":16,"column":4461}},"901":{"start":{"line":16,"column":4461},"end":{"line":16,"column":4776}},"902":{"start":{"line":16,"column":4495},"end":{"line":16,"column":4776}},"903":{"start":{"line":16,"column":4532},"end":{"line":16,"column":4571}},"904":{"start":{"line":16,"column":4561},"end":{"line":16,"column":4571}},"905":{"start":{"line":16,"column":4577},"end":{"line":16,"column":4776}},"906":{"start":{"line":16,"column":4588},"end":{"line":16,"column":4684}},"907":{"start":{"line":16,"column":4620},"end":{"line":16,"column":4629}},"908":{"start":{"line":16,"column":4629},"end":{"line":16,"column":4635}},"909":{"start":{"line":16,"column":4652},"end":{"line":16,"column":4661}},"910":{"start":{"line":16,"column":4661},"end":{"line":16,"column":4667}},"911":{"start":{"line":16,"column":4675},"end":{"line":16,"column":4683}},"912":{"start":{"line":16,"column":4684},"end":{"line":16,"column":4755}},"913":{"start":{"line":16,"column":4721},"end":{"line":16,"column":4755}},"914":{"start":{"line":16,"column":4744},"end":{"line":16,"column":4755}},"915":{"start":{"line":16,"column":4755},"end":{"line":16,"column":4775}},"916":{"start":{"line":16,"column":4776},"end":{"line":16,"column":4784}},"917":{"start":{"line":16,"column":4786},"end":{"line":16,"column":5298}},"918":{"start":{"line":16,"column":4839},"end":{"line":16,"column":5246}},"919":{"start":{"line":16,"column":4853},"end":{"line":16,"column":4969}},"920":{"start":{"line":16,"column":4871},"end":{"line":16,"column":4901}},"921":{"start":{"line":16,"column":4904},"end":{"line":16,"column":4908}},"922":{"start":{"line":16,"column":4909},"end":{"line":16,"column":4968}},"923":{"start":{"line":16,"column":4939},"end":{"line":16,"column":4944}},"924":{"start":{"line":16,"column":4973},"end":{"line":16,"column":5172}},"925":{"start":{"line":16,"column":5176},"end":{"line":16,"column":5177}},"926":{"start":{"line":16,"column":5196},"end":{"line":16,"column":5246}},"927":{"start":{"line":16,"column":5246},"end":{"line":16,"column":5297}},"928":{"start":{"line":16,"column":5305},"end":{"line":16,"column":5312}},"929":{"start":{"line":16,"column":5316},"end":{"line":16,"column":5328}},"930":{"start":{"line":16,"column":5332},"end":{"line":16,"column":5344}},"931":{"start":{"line":16,"column":5348},"end":{"line":16,"column":5356}},"932":{"start":{"line":16,"column":5360},"end":{"line":16,"column":5375}},"933":{"start":{"line":16,"column":5379},"end":{"line":16,"column":5508}},"934":{"start":{"line":16,"column":5419},"end":{"line":16,"column":5433}},"935":{"start":{"line":16,"column":5455},"end":{"line":16,"column":5464}},"936":{"start":{"line":16,"column":5467},"end":{"line":16,"column":5472}},"937":{"start":{"line":16,"column":5473},"end":{"line":16,"column":5504}},"938":{"start":{"line":16,"column":5509},"end":{"line":16,"column":5584}},"939":{"start":{"line":16,"column":5591},"end":{"line":16,"column":5598}},"940":{"start":{"line":16,"column":5602},"end":{"line":16,"column":5612}},"941":{"start":{"line":16,"column":5616},"end":{"line":16,"column":5624}},"942":{"start":{"line":16,"column":5628},"end":{"line":16,"column":5643}},"943":{"start":{"line":16,"column":5647},"end":{"line":16,"column":5658}},"944":{"start":{"line":16,"column":5662},"end":{"line":16,"column":5672}},"945":{"start":{"line":16,"column":5676},"end":{"line":16,"column":5820}},"946":{"start":{"line":16,"column":5732},"end":{"line":16,"column":5746}},"947":{"start":{"line":16,"column":5770},"end":{"line":16,"column":5779}},"948":{"start":{"line":16,"column":5780},"end":{"line":16,"column":5816}},"949":{"start":{"line":16,"column":5821},"end":{"line":16,"column":5892}},"950":{"start":{"line":16,"column":5899},"end":{"line":16,"column":5911}},"951":{"start":{"line":16,"column":5915},"end":{"line":16,"column":5927}},"952":{"start":{"line":16,"column":5931},"end":{"line":16,"column":5939}},"953":{"start":{"line":16,"column":5943},"end":{"line":16,"column":5953}},"954":{"start":{"line":16,"column":5957},"end":{"line":16,"column":6107}},"955":{"start":{"line":16,"column":5978},"end":{"line":16,"column":5989}},"956":{"start":{"line":16,"column":5992},"end":{"line":16,"column":5994}},"957":{"start":{"line":16,"column":5997},"end":{"line":16,"column":6002}},"958":{"start":{"line":16,"column":6003},"end":{"line":16,"column":6058}},"959":{"start":{"line":16,"column":6018},"end":{"line":16,"column":6058}},"960":{"start":{"line":16,"column":6058},"end":{"line":16,"column":6096}},"961":{"start":{"line":16,"column":6084},"end":{"line":16,"column":6096}},"962":{"start":{"line":16,"column":6096},"end":{"line":16,"column":6104}},"963":{"start":{"line":16,"column":6111},"end":{"line":16,"column":6122}},"964":{"start":{"line":16,"column":6126},"end":{"line":16,"column":6139}},"965":{"start":{"line":16,"column":6143},"end":{"line":16,"column":6209}},"966":{"start":{"line":16,"column":6159},"end":{"line":16,"column":6208}},"967":{"start":{"line":16,"column":6213},"end":{"line":16,"column":6286}},"968":{"start":{"line":16,"column":6229},"end":{"line":16,"column":6285}},"969":{"start":{"line":16,"column":6239},"end":{"line":16,"column":6241}},"970":{"start":{"line":16,"column":6244},"end":{"line":16,"column":6245}},"971":{"start":{"line":16,"column":6253},"end":{"line":16,"column":6285}},"972":{"start":{"line":16,"column":6290},"end":{"line":16,"column":6359}},"973":{"start":{"line":16,"column":6304},"end":{"line":16,"column":6358}},"974":{"start":{"line":16,"column":6314},"end":{"line":16,"column":6315}},"975":{"start":{"line":16,"column":6318},"end":{"line":16,"column":6319}},"976":{"start":{"line":16,"column":6328},"end":{"line":16,"column":6358}},"977":{"start":{"line":16,"column":6363},"end":{"line":16,"column":6486}},"978":{"start":{"line":16,"column":6375},"end":{"line":16,"column":6477}},"979":{"start":{"line":16,"column":6385},"end":{"line":16,"column":6386}},"980":{"start":{"line":16,"column":6389},"end":{"line":16,"column":6391}},"981":{"start":{"line":16,"column":6400},"end":{"line":16,"column":6477}},"982":{"start":{"line":16,"column":6434},"end":{"line":16,"column":6442}},"983":{"start":{"line":16,"column":6443},"end":{"line":16,"column":6476}},"984":{"start":{"line":16,"column":6477},"end":{"line":16,"column":6485}},"985":{"start":{"line":16,"column":6504},"end":{"line":16,"column":6541}},"986":{"start":{"line":16,"column":6547},"end":{"line":16,"column":6560}},"987":{"start":{"line":16,"column":6563},"end":{"line":16,"column":6580}},"988":{"start":{"line":16,"column":6583},"end":{"line":16,"column":6594}},"989":{"start":{"line":16,"column":6597},"end":{"line":16,"column":6611}},"990":{"start":{"line":16,"column":6614},"end":{"line":16,"column":6638}},"991":{"start":{"line":16,"column":6641},"end":{"line":16,"column":6654}},"992":{"start":{"line":16,"column":6657},"end":{"line":16,"column":6666}},"993":{"start":{"line":16,"column":6667},"end":{"line":16,"column":6766}},"994":{"start":{"line":16,"column":6784},"end":{"line":16,"column":6803}},"995":{"start":{"line":16,"column":6809},"end":{"line":16,"column":6819}},"996":{"start":{"line":16,"column":6822},"end":{"line":16,"column":6835}},"997":{"start":{"line":16,"column":6838},"end":{"line":16,"column":6847}},"998":{"start":{"line":16,"column":6850},"end":{"line":16,"column":6864}},"999":{"start":{"line":16,"column":6867},"end":{"line":16,"column":6880}},"1000":{"start":{"line":16,"column":6883},"end":{"line":16,"column":6900}},"1001":{"start":{"line":16,"column":6901},"end":{"line":16,"column":6955}},"1002":{"start":{"line":16,"column":6971},"end":{"line":16,"column":6985}},"1003":{"start":{"line":16,"column":7001},"end":{"line":16,"column":7020}},"1004":{"start":{"line":16,"column":7038},"end":{"line":16,"column":7075}},"1005":{"start":{"line":16,"column":7081},"end":{"line":16,"column":7094}},"1006":{"start":{"line":16,"column":7097},"end":{"line":16,"column":7114}},"1007":{"start":{"line":16,"column":7117},"end":{"line":16,"column":7127}},"1008":{"start":{"line":16,"column":7130},"end":{"line":16,"column":7144}},"1009":{"start":{"line":16,"column":7147},"end":{"line":16,"column":7158}},"1010":{"start":{"line":16,"column":7161},"end":{"line":16,"column":7175}},"1011":{"start":{"line":16,"column":7178},"end":{"line":16,"column":7187}},"1012":{"start":{"line":16,"column":7188},"end":{"line":16,"column":7242}},"1013":{"start":{"line":16,"column":7260},"end":{"line":16,"column":7297}},"1014":{"start":{"line":16,"column":7303},"end":{"line":16,"column":7316}},"1015":{"start":{"line":16,"column":7319},"end":{"line":16,"column":7336}},"1016":{"start":{"line":16,"column":7339},"end":{"line":16,"column":7350}},"1017":{"start":{"line":16,"column":7353},"end":{"line":16,"column":7367}},"1018":{"start":{"line":16,"column":7368},"end":{"line":16,"column":7387}},"1019":{"start":{"line":16,"column":7378},"end":{"line":16,"column":7387}},"1020":{"start":{"line":16,"column":7393},"end":{"line":16,"column":7407}},"1021":{"start":{"line":16,"column":7408},"end":{"line":16,"column":7453}},"1022":{"start":{"line":16,"column":7454},"end":{"line":16,"column":8292}},"1023":{"start":{"line":16,"column":7504},"end":{"line":16,"column":7617}},"1024":{"start":{"line":16,"column":7637},"end":{"line":16,"column":7643}},"1025":{"start":{"line":16,"column":7683},"end":{"line":16,"column":7691}},"1026":{"start":{"line":16,"column":7694},"end":{"line":16,"column":7699}},"1027":{"start":{"line":16,"column":7702},"end":{"line":16,"column":7715}},"1028":{"start":{"line":16,"column":7718},"end":{"line":16,"column":7720}},"1029":{"start":{"line":16,"column":7723},"end":{"line":16,"column":7726}},"1030":{"start":{"line":16,"column":7727},"end":{"line":16,"column":7778}},"1031":{"start":{"line":16,"column":7740},"end":{"line":16,"column":7778}},"1032":{"start":{"line":16,"column":7778},"end":{"line":16,"column":7798}},"1033":{"start":{"line":16,"column":7786},"end":{"line":16,"column":7798}},"1034":{"start":{"line":16,"column":7798},"end":{"line":16,"column":7832}},"1035":{"start":{"line":16,"column":7819},"end":{"line":16,"column":7832}},"1036":{"start":{"line":16,"column":7832},"end":{"line":16,"column":8207}},"1037":{"start":{"line":16,"column":7861},"end":{"line":16,"column":8207}},"1038":{"start":{"line":16,"column":7881},"end":{"line":16,"column":7920}},"1039":{"start":{"line":16,"column":7891},"end":{"line":16,"column":7892}},"1040":{"start":{"line":16,"column":7895},"end":{"line":16,"column":7896}},"1041":{"start":{"line":16,"column":7906},"end":{"line":16,"column":7920}},"1042":{"start":{"line":16,"column":7920},"end":{"line":16,"column":7941}},"1043":{"start":{"line":16,"column":7931},"end":{"line":16,"column":7941}},"1044":{"start":{"line":16,"column":7941},"end":{"line":16,"column":7949}},"1045":{"start":{"line":16,"column":8028},"end":{"line":16,"column":8069}},"1046":{"start":{"line":16,"column":8052},"end":{"line":16,"column":8069}},"1047":{"start":{"line":16,"column":8069},"end":{"line":16,"column":8123}},"1048":{"start":{"line":16,"column":8105},"end":{"line":16,"column":8123}},"1049":{"start":{"line":16,"column":8123},"end":{"line":16,"column":8159}},"1050":{"start":{"line":16,"column":8165},"end":{"line":16,"column":8207}},"1051":{"start":{"line":16,"column":8207},"end":{"line":16,"column":8288}},"1052":{"start":{"line":16,"column":8299},"end":{"line":16,"column":8310}},"1053":{"start":{"line":16,"column":8314},"end":{"line":16,"column":8327}},"1054":{"start":{"line":16,"column":8331},"end":{"line":16,"column":8485}},"1055":{"start":{"line":16,"column":8353},"end":{"line":16,"column":8370}},"1056":{"start":{"line":16,"column":8371},"end":{"line":16,"column":8484}},"1057":{"start":{"line":16,"column":8424},"end":{"line":16,"column":8442}},"1058":{"start":{"line":16,"column":8433},"end":{"line":16,"column":8442}},"1059":{"start":{"line":16,"column":8442},"end":{"line":16,"column":8480}},"1060":{"start":{"line":16,"column":8489},"end":{"line":16,"column":8496}},"1061":{"start":{"line":16,"column":8500},"end":{"line":16,"column":8508}},"1062":{"start":{"line":16,"column":8512},"end":{"line":16,"column":8642}},"1063":{"start":{"line":16,"column":8528},"end":{"line":16,"column":8622}},"1064":{"start":{"line":16,"column":8538},"end":{"line":16,"column":8543}},"1065":{"start":{"line":16,"column":8546},"end":{"line":16,"column":8553}},"1066":{"start":{"line":16,"column":8556},"end":{"line":16,"column":8576}},"1067":{"start":{"line":16,"column":8579},"end":{"line":16,"column":8592}},"1068":{"start":{"line":16,"column":8595},"end":{"line":16,"column":8596}},"1069":{"start":{"line":16,"column":8609},"end":{"line":16,"column":8622}},"1070":{"start":{"line":16,"column":8622},"end":{"line":16,"column":8641}},"1071":{"start":{"line":16,"column":8646},"end":{"line":16,"column":8662}},"1072":{"start":{"line":16,"column":8666},"end":{"line":16,"column":8674}},"1073":{"start":{"line":16,"column":8678},"end":{"line":16,"column":8685}},"1074":{"start":{"line":16,"column":8689},"end":{"line":16,"column":8700}},"1075":{"start":{"line":16,"column":8704},"end":{"line":16,"column":8709}},"1076":{"start":{"line":16,"column":8713},"end":{"line":16,"column":8724}},"1077":{"start":{"line":16,"column":8725},"end":{"line":16,"column":10421}},"1078":{"start":{"line":16,"column":8759},"end":{"line":16,"column":10259}},"1079":{"start":{"line":16,"column":8969},"end":{"line":16,"column":8980}},"1080":{"start":{"line":16,"column":8983},"end":{"line":16,"column":9010}},"1081":{"start":{"line":16,"column":9011},"end":{"line":16,"column":9029}},"1082":{"start":{"line":16,"column":9020},"end":{"line":16,"column":9029}},"1083":{"start":{"line":16,"column":9029},"end":{"line":16,"column":9053}},"1084":{"start":{"line":16,"column":9043},"end":{"line":16,"column":9053}},"1085":{"start":{"line":16,"column":9053},"end":{"line":16,"column":9081}},"1086":{"start":{"line":16,"column":9063},"end":{"line":16,"column":9081}},"1087":{"start":{"line":16,"column":9081},"end":{"line":16,"column":9391}},"1088":{"start":{"line":16,"column":9097},"end":{"line":16,"column":9099}},"1089":{"start":{"line":16,"column":9102},"end":{"line":16,"column":9181}},"1090":{"start":{"line":16,"column":9184},"end":{"line":16,"column"
[...]
:16,"column":11973},"end":{"line":16,"column":11987}},"type":"cond-expr","locations":[{"start":{"line":16,"column":11984},"end":{"line":16,"column":11985}},{"start":{"line":16,"column":11986},"end":{"line":16,"column":11987}}],"line":16},"533":{"loc":{"start":{"line":16,"column":12029},"end":{"line":16,"column":12050}},"type":"if","locations":[{"start":{"line":16,"column":12029},"end":{"line":16,"column":12050}},{"start":{},"end":{}}],"line":16},"534":{"loc":{"start":{"line":16,"column":12148},"end":{"line":16,"column":12181}},"type":"if","locations":[{"start":{"line":16,"column":12148},"end":{"line":16,"column":12181}},{"start":{},"end":{}}],"line":16},"535":{"loc":{"start":{"line":16,"column":12233},"end":{"line":16,"column":12300}},"type":"if","locations":[{"start":{"line":16,"column":12233},"end":{"line":16,"column":12300}},{"start":{},"end":{}}],"line":16},"536":{"loc":{"start":{"line":16,"column":12254},"end":{"line":16,"column":12264}},"type":"cond-expr","locations":[{"start":{"line":16,"column":12258},"end":{"line":16,"column":12261}},{"start":{"line":16,"column":12262},"end":{"line":16,"column":12264}}],"line":16}},"s":{"0":14,"1":28,"2":0,"3":0,"4":14,"5":14,"6":14,"7":0,"8":14,"9":392,"10":392,"11":56,"12":14,"13":14,"14":14,"15":14,"16":14,"17":14,"18":14,"19":14,"20":0,"21":14,"22":14,"23":14,"24":0,"25":0,"26":14,"27":56,"28":14,"29":14,"30":14,"31":14,"32":14,"33":658,"34":0,"35":0,"36":14,"37":14,"38":14,"39":14,"40":14,"41":14,"42":14,"43":14,"44":0,"45":14,"46":14,"47":0,"48":0,"49":0,"50":14,"51":0,"52":14,"53":252,"54":14,"55":28,"56":14,"57":14,"58":14,"59":70,"60":14,"61":14,"62":14,"63":14,"64":14,"65":14,"66":14,"67":14,"68":14,"69":14,"70":14,"71":14,"72":14,"73":14,"74":0,"75":0,"76":0,"77":14,"78":14,"79":0,"80":0,"81":0,"82":14,"83":14,"84":0,"85":0,"86":0,"87":14,"88":0,"89":0,"90":14,"91":14,"92":14,"93":14,"94":14,"95":0,"96":14,"97":14,"98":14,"99":14,"100":56,"101":14,"102":14,"103":0,"104":14,"105":14,"106":0,"107":14,"108":14,"109":14,"110":14,"111":14,"112":14,"113":14,"114":14,"115":14,"116":14,"117":238,"118":112,"119":112,"120":238,"121":14,"122":14,"123":14,"124":0,"125":0,"126":0,"127":0,"128":0,"129":0,"130":0,"131":0,"132":0,"133":0,"134":0,"135":0,"136":0,"137":0,"138":0,"139":14,"140":0,"141":0,"142":14,"143":14,"144":14,"145":14,"146":14,"147":0,"148":0,"149":14,"150":14,"151":0,"152":0,"153":0,"154":0,"155":0,"156":14,"157":14,"158":14,"159":14,"160":14,"161":0,"162":0,"163":0,"164":14,"165":14,"166":14,"167":14,"168":0,"169":0,"170":0,"171":0,"172":0,"173":0,"174":0,"175":0,"176":0,"177":0,"178":14,"179":56,"180":0,"181":14,"182":14,"183":28,"184":14,"185":14,"186":14,"187":14,"188":14,"189":14,"190":14,"191":14,"192":14,"193":14,"194":14,"195":14,"196":14,"197":14,"198":14,"199":14,"200":0,"201":14,"202":14,"203":14,"204":0,"205":0,"206":0,"207":0,"208":0,"209":0,"210":0,"211":14,"212":14,"213":0,"214":0,"215":0,"216":0,"217":14,"218":14,"219":14,"220":14,"221":14,"222":14,"223":14,"224":14,"225":14,"226":14,"227":14,"228":14,"229":14,"230":14,"231":14,"232":14,"233":14,"234":14,"235":14,"236":0,"237":0,"238":14,"239":14,"240":14,"241":0,"242":0,"243":14,"244":14,"245":0,"246":14,"247":0,"248":14,"249":28,"250":0,"251":0,"252":0,"253":0,"254":0,"255":0,"256":0,"257":0,"258":0,"259":0,"260":0,"261":14,"262":14,"263":14,"264":0,"265":0,"266":0,"267":0,"268":0,"269":0,"270":0,"271":0,"272":14,"273":14,"274":14,"275":0,"276":14,"277":14,"278":14,"279":0,"280":0,"281":0,"282":14,"283":0,"284":0,"285":0,"286":0,"287":0,"288":0,"289":0,"290":14,"291":14,"292":126,"293":126,"294":14,"295":126,"296":14,"297":14,"298":14,"299":14,"300":14,"301":14,"302":98,"303":98,"304":98,"305":98,"306":98,"307":98,"308":98,"309":98,"310":0,"311":0,"312":14,"313":14,"314":14,"315":14,"316":14,"317":14,"318":14,"319":14,"320":0,"321":0,"322":0,"323":14,"324":14,"325":0,"326":0,"327":0,"328":14,"329":0,"330":0,"331":0,"332":14,"333":14,"334":14,"335":14,"336":14,"337":14,"338":14,"339":14,"340":14,"341":14,"342":0,"343":14,"344":0,"345":0,"346":0,"347":0,"348":0,"349":0,"350":0,"351":0,"352":14,"353":14,"354":14,"355":14,"356":14,"357":0,"358":14,"359":0,"360":0,"361":0,"362":14,"363":0,"364":0,"365":0,"366":0,"367":0,"368":0,"369":0,"370":14,"371":14,"372":0,"373":14,"374":14,"375":14,"376":14,"377":14,"378":14,"379":14,"380":14,"381":14,"382":14,"383":14,"384":14,"385":14,"386":14,"387":14,"388":14,"389":14,"390":14,"391":14,"392":14,"393":14,"394":14,"395":14,"396":0,"397":0,"398":0,"399":0,"400":0,"401":0,"402":0,"403":0,"404":0,"405":0,"406":0,"407":0,"408":0,"409":0,"410":0,"411":0,"412":0,"413":0,"414":14,"415":14,"416":14,"417":14,"418":14,"419":14,"420":0,"421":14,"422":14,"423":14,"424":56,"425":56,"426":56,"427":56,"428":56,"429":56,"430":56,"431":56,"432":56,"433":14,"434":56,"435":56,"436":0,"437":0,"438":0,"439":0,"440":0,"441":0,"442":56,"443":14,"444":14,"445":14,"446":14,"447":28,"448":0,"449":0,"450":0,"451":0,"452":14,"453":14,"454":0,"455":14,"456":14,"457":14,"458":14,"459":14,"460":14,"461":14,"462":0,"463":0,"464":0,"465":0,"466":0,"467":0,"468":0,"469":0,"470":0,"471":0,"472":0,"473":0,"474":0,"475":0,"476":0,"477":0,"478":0,"479":0,"480":0,"481":14,"482":14,"483":0,"484":0,"485":0,"486":0,"487":0,"488":0,"489":0,"490":14,"491":14,"492":14,"493":14,"494":14,"495":14,"496":14,"497":14,"498":14,"499":14,"500":0,"501":0,"502":0,"503":0,"504":0,"505":0,"506":0,"507":0,"508":0,"509":0,"510":0,"511":0,"512":0,"513":0,"514":0,"515":0,"516":0,"517":0,"518":0,"519":0,"520":0,"521":0,"522":0,"523":0,"524":0,"525":0,"526":0,"527":0,"528":0,"529":0,"530":0,"531":0,"532":0,"533":0,"534":0,"535":0,"536":0,"537":0,"538":0,"539":0,"540":0,"541":0,"542":0,"543":14,"544":14,"545":14,"546":14,"547":14,"548":0,"549":14,"550":14,"551":14,"552":0,"553":0,"554":14,"555":14,"556":14,"557":14,"558":14,"559":14,"560":0,"561":0,"562":0,"563":0,"564":0,"565":0,"566":0,"567":0,"568":0,"569":0,"570":0,"571":0,"572":0,"573":0,"574":14,"575":0,"576":0,"577":0,"578":0,"579":0,"580":0,"581":0,"582":0,"583":0,"584":0,"585":0,"586":0,"587":0,"588":0,"589":0,"590":0,"591":0,"592":0,"593":0,"594":0,"595":0,"596":0,"597":9,"598":5,"599":22,"600":14,"601":0,"602":14,"603":14,"604":14,"605":14,"606":14,"607":14,"608":14,"609":42,"610":0,"611":42,"612":42,"613":14,"614":14,"615":0,"616":0,"617":0,"618":0,"619":0,"620":0,"621":0,"622":14,"623":14,"624":14,"625":0,"626":14,"627":0,"628":0,"629":14,"630":14,"631":42,"632":0,"633":0,"634":0,"635":14,"636":14,"637":14,"638":14,"639":14,"640":2,"641":2,"642":2,"643":2,"644":14,"645":0,"646":0,"647":0,"648":0,"649":0,"650":0,"651":0,"652":0,"653":0,"654":14,"655":14,"656":14,"657":14,"658":0,"659":0,"660":14,"661":14,"662":112,"663":112,"664":112,"665":112,"666":112,"667":112,"668":112,"669":112,"670":0,"671":0,"672":0,"673":0,"674":0,"675":0,"676":0,"677":0,"678":0,"679":0,"680":0,"681":0,"682":0,"683":0,"684":0,"685":0,"686":0,"687":0,"688":0,"689":0,"690":0,"691":0,"692":0,"693":14,"694":14,"695":14,"696":0,"697":14,"698":14,"699":14,"700":14,"701":14,"702":14,"703":14,"704":0,"705":0,"706":14,"707":42,"708":28,"709":28,"710":0,"711":14,"712":434,"713":5,"714":5,"715":0,"716":5,"717":5,"718":5,"719":5,"720":9,"721":0,"722":5,"723":5,"724":5,"725":0,"726":5,"727":1,"728":1,"729":1,"730":3,"731":3,"732":9,"733":14,"734":0,"735":0,"736":0,"737":0,"738":0,"739":0,"740":0,"741":0,"742":0,"743":0,"744":0,"745":0,"746":0,"747":0,"748":0,"749":0,"750":0,"751":0,"752":0,"753":14,"754":14,"755":14,"756":0,"757":0,"758":0,"759":0,"760":0,"761":0,"762":0,"763":0,"764":0,"765":14,"766":0,"767":14,"768":14,"769":0,"770":14,"771":14,"772":0,"773":0,"774":0,"775":14,"776":14,"777":14,"778":14,"779":14,"780":14,"781":14,"782":14,"783":14,"784":14,"785":14,"786":14,"787":14,"788":14,"789":14,"790":14,"791":14,"792":14,"793":14,"794":14,"795":14,"796":0,"797":0,"798":0,"799":0,"800":0,"801":0,"802":0,"803":0,"804":0,"805":0,"806":0,"807":0,"808":0,"809":0,"810":0,"811":0,"812":0,"813":0,"814":0,"815":0,"816":0,"817":0,"818":0,"819":0,"820":0,"821":0,"822":0,"823":0,"824":0,"825":0,"826":0,"827":0,"828":0,"829":0,"830":0,"831":0,"832":0,"833":0,"834":0,"835":0,"836":0,"837":0,"838":0,"839":0,"840":0,"841":0,"842":0,"843":0,"844":0,"845":0,"846":14,"847":14,"848":14,"849":14,"850":0,"851":14,"852":0,"853":30,"854":2,"855":2,"856":14,"857":0,"858":0,"859":0,"860":0,"861":0,"862":0,"863":0,"864":0,"865":0,"866":0,"867":0,"868":0,"869":0,"870":14,"871":14,"872":14,"873":2,"874":14,"875":14,"876":14,"877":14,"878":14,"879":14,"880":14,"881":42,"882":0,"883":0,"884":14,"885":14,"886":14,"887":14,"888":14,"889":14,"890":14,"891":14,"892":14,"893":14,"894":14,"895":0,"896":0,"897":14,"898":0,"899":0,"900":0,"901":0,"902":0,"903":0,"904":0,"905":0,"906":0,"907":0,"908":0,"909":0,"910":0,"911":0,"912":0,"913":0,"914":0,"915":0,"916":0,"917":14,"918":0,"919":0,"920":0,"921":0,"922":0,"923":0,"924":0,"925":0,"926":0,"927":0,"928":14,"929":14,"930":14,"931":14,"932":14,"933":14,"934":14,"935":0,"936":0,"937":0,"938":14,"939":14,"940":14,"941":14,"942":14,"943":14,"944":14,"945":14,"946":14,"947":0,"948":0,"949":14,"950":14,"951":14,"952":14,"953":14,"954":14,"955":0,"956":0,"957":0,"958":0,"959":0,"960":0,"961":0,"962":0,"963":14,"964":14,"965":14,"966":0,"967":14,"968":0,"969":0,"970":0,"971":0,"972":14,"973":0,"974":0,"975":0,"976":0,"977":14,"978":0,"979":0,"980":0,"981":0,"982":0,"983":0,"984":0,"985":8,"986":8,"987":8,"988":8,"989":8,"990":8,"991":8,"992":8,"993":8,"994":6,"995":6,"996":6,"997":6,"998":6,"999":6,"1000":6,"1001":6,"1002":3,"1003":3,"1004":5,"1005":5,"1006":5,"1007":5,"1008":5,"1009":5,"1010":5,"1011":5,"1012":5,"1013":8,"1014":8,"1015":8,"1016":8,"1017":8,"1018":8,"1019":0,"1020":8,"1021":8,"1022":14,"1023":14,"1024":14,"1025":0,"1026":0,"1027":0,"1028":0,"1029":0,"1030":0,"1031":0,"1032":0,"1033":0,"1034":0,"1035":0,"1036":0,"1037":0,"1038":0,"1039":0,"1040":0,"1041":0,"1042":0,"1043":0,"1044":0,"1045":0,"1046":0,"1047":0,"1048":0,"1049":0,"1050":0,"1051":0,"1052":14,"1053":14,"1054":14,"1055":0,"1056":0,"1057":0,"1058":0,"1059":0,"1060":14,"1061":14,"1062":14,"1063":0,"1064":0,"1065":0,"1066":0,"1067":0,"1068":0,"1069":0,"1070":0,"1071":14,"1072":14,"1073":14,"1074":14,"1075":14,"1076":14,"1077":14,"1078":0,"1079":0,"1080":0,"1081":0,"1082":0,"1083":0,"1084":0,"1085":0,"1086":0,"1087":0,"1088":0,"1089":0,"1090":0,"1091":0,"1092":0,"1093":0,"1094":0,"1095":0,"1096":0,"1097":0,"1098":0,"1099":0,"1100":0,"1101":0,"1102":0,"1103":0,"1104":0,"1105":0,"1106":0,"1107":0,"1108":0,"1109":0,"1110":0,"1111":0,"1112":0,"1113":0,"1114":0,"1115":0,"1116":0,"1117":0,"1118":0,"1119":0,"1120":0,"1121":0,"1122":0,"1123":0,"1124":0,"1125":0,"1126":0,"1127":0,"1128":14,"1129":14,"1130":14,"1131":0,"1132":14,"1133":14,"1134":14,"1135":14,"1136":14,"1137":0,"1138":0,"1139":14,"1140":14,"1141":0,"1142":0,"1143":0,"1144":0,"1145":4,"1146":4,"1147":4,"1148":4,"1149":4,"1150":4,"1151":14,"1152":0,"1153":0,"1154":0,"1155":0,"1156":0,"1157":0,"1158":0,"1159":0,"1160":0,"1161":0,"1162":0,"1163":0,"1164":0,"1165":14,"1166":2,"1167":2,"1168":2,"1169":2,"1170":2,"1171":2,"1172":2,"1173":2,"1174":2,"1175":2,"1176":0,"1177":2,"1178":2,"1179":2,"1180":2,"1181":2,"1182":2,"1183":0,"1184":2,"1185":2,"1186":11,"1187":11,"1188":11,"1189":11,"1190":2,"1191":2,"1192":2},"f":{"0":28,"1":0,"2":0,"3":14,"4":0,"5":392,"6":14,"7":14,"8":14,"9":0,"10":0,"11":0,"12":56,"13":658,"14":0,"15":0,"16":14,"17":14,"18":0,"19":0,"20":0,"21":252,"22":28,"23":14,"24":70,"25":14,"26":0,"27":0,"28":0,"29":0,"30":0,"31":14,"32":14,"33":56,"34":0,"35":0,"36":14,"37":238,"38":0,"39":0,"40":0,"41":14,"42":0,"43":0,"44":0,"45":14,"46":0,"47":0,"48":0,"49":0,"50":56,"51":0,"52":28,"53":14,"54":14,"55":14,"56":14,"57":0,"58":0,"59":0,"60":14,"61":0,"62":0,"63":0,"64":14,"65":14,"66":14,"67":0,"68":0,"69":0,"70":0,"71":28,"72":0,"73":0,"74":0,"75":0,"76":0,"77":126,"78":126,"79":98,"80":14,"81":0,"82":0,"83":0,"84":0,"85":14,"86":14,"87":14,"88":0,"89":0,"90":0,"91":0,"92":0,"93":0,"94":0,"95":14,"96":14,"97":14,"98":0,"99":0,"100":0,"101":56,"102":56,"103":56,"104":56,"105":14,"106":56,"107":0,"108":28,"109":0,"110":0,"111":0,"112":0,"113":0,"114":0,"115":0,"116":0,"117":14,"118":14,"119":0,"120":0,"121":14,"122":0,"123":0,"124":0,"125":0,"126":0,"127":9,"128":5,"129":22,"130":0,"131":28,"132":42,"133":0,"134":14,"135":0,"136":0,"137":42,"138":0,"139":0,"140":2,"141":0,"142":0,"143":0,"144":112,"145":0,"146":0,"147":0,"148":0,"149":14,"150":0,"151":0,"152":42,"153":5,"154":1,"155":3,"156":9,"157":0,"158":0,"159":0,"160":0,"161":0,"162":0,"163":0,"164":0,"165":0,"166":0,"167":0,"168":14,"169":0,"170":0,"171":0,"172":14,"173":0,"174":0,"175":30,"176":2,"177":0,"178":0,"179":0,"180":2,"181":42,"182":0,"183":0,"184":0,"185":0,"186":0,"187":14,"188":0,"189":14,"190":0,"191":0,"192":0,"193":0,"194":0,"195":0,"196":8,"197":6,"198":3,"199":3,"200":5,"201":8,"202":14,"203":14,"204":0,"205":0,"206":0,"207":0,"208":0,"209":0,"210":0,"211":0,"212":0,"213":0,"214":14,"215":0,"216":0,"217":0,"218":4,"219":0,"220":2},"b":{"0":[14,0],"1":[0,0],"2":[0,0],"3":[0,0],"4":[0,0],"5":[14,14,14],"6":[14,0,0,0,0,0],"7":[14,14],"8":[0,0],"9":[0,0],"10":[0,0],"11":[14,14],"12":[14,0],"13":[0,14],"14":[14,14],"15":[0,0],"16":[14,14],"17":[14,0],"18":[658,658],"19":[0,0],"20":[0,14],"21":[0,0],"22":[0,0],"23":[14,14],"24":[14,0],"25":[14,56],"26":[56,56],"27":[14,0],"28":[14,14,0,0],"29":[14,14],"30":[14,14],"31":[0,14],"32":[14,14],"33":[14,0,0,0,0,0],"34":[14,14],"35":[14,14,14,14,14],"36":[14,14,14],"37":[14,0],"38":[0,0],"39":[0,0],"40":[0,0],"41":[14,14],"42":[56,56],"43":[28,28],"44":[14,0],"45":[0,14],"46":[14,14],"47":[14,0],"48":[0,0,0],"49":[112,126],"50":[238,126,0],"51":[112,0],"52":[112,112],"53":[0,0],"54":[0,0],"55":[0,0],"56":[0,0],"57":[0,0],"58":[0,0],"59":[0,0],"60":[0,0],"61":[0,0],"62":[0,0],"63":[0,0,0],"64":[0,0],"65":[0,0],"66":[0,0],"67":[0,0,0],"68":[0,0],"69":[14,14],"70":[14,0],"71":[14,0],"72":[14,0],"73":[0,0],"74":[0,0],"75":[14,14],"76":[0,0],"77":[14,0],"78":[0,14],"79":[0,0],"80":[0,0,0,0,0],"81":[0,0,0],"82":[0,0],"83":[0,0],"84":[0,0],"85":[0,0],"86":[0,0],"87":[0,0],"88":[14,0],"89":[14,14],"90":[14,14],"91":[14,14],"92":[14,0],"93":[14,0],"94":[14,14],"95":[0,14],"96":[14,14],"97":[0,0],"98":[0,0],"99":[0,14],"100":[0,0],"101":[0,0],"102":[14,14],"103":[14,14],"104":[14,14,14,14],"105":[14,0],"106":[14,0],"107":[14,0],"108":[0,14],"109":[14,0],"110":[14,14],"111":[14,0],"112":[14,14,14,14],"113":[14,14],"114":[14,0],"115":[14,0],"116":[0,14],"117":[0,0,0],"118":[0,14],"119":[0,0],"120":[14,14,14],"121":[0,0],"122":[0,0],"123":[0,0],"124":[0,0],"125":[0,0],"126":[0,0],"127":[0,0],"128":[0,0],"129":[0,0],"130":[0,0,0],"131":[0,0,0],"132":[0,0],"133":[0,0,0],"134":[0,0,0],"135":[14,0],"136":[14,0],"137":[0,0],"138":[0,0,0,0],"139":[126,126,126],"140":[0,126],"141":[98,0],"142":[0,98],"143":[28,70],"144":[28,0],"145":[70,0],"146":[98,0],"147":[0,98],"148":[0,0],"149":[98,98],"150":[0,98],"151":[28,70],"152":[98,0],"153":[0,0,0,0],"154":[14,0],"155":[0,0],"156":[0,0],"157":[0,0],"158":[0,0],"159":[0,0],"160":[0,0],"161":[0,0],"162":[0,0],"163":[0,0],"164":[0,0],"165":[0,0],"166":[0,0],"167":[0,0],"168":[0,0],"169":[14,14],"170":[14,14],"171":[14,0],"172":[14,0],"173":[14,14],"174":[0,0],"175":[0,0],"176":[0,0],"177":[14,0],"178":[0,0],"179":[0,0],"180":[14,14,14],"181":[14,14],"182":[14,14],"183":[14,14,14,14,14,0],"184":[0,0],"185":[0,0],"186":[0,0],"187":[0,0],"188":[0,0],"189":[0,0,0,0,0],"190":[0,0],"191":[0,0],"192":[0,0],"193":[0,0],"194":[0,0],"195":[0,0,0],"196":[0,0],"197":[0,0,0,0],"198":[0,0],"199":[0,0],"200":[14,14,0],"201":[0,0],"202":[56,56],"203":[56,14],"204":[0,56],"205":[56,56,56],"206":[0,0],"207":[0,0],"208":[0,0],"209":[0,0],"210":[56,0],"211":[0,0],"212":[0,0],"213":[0,0],"214":[0,0],"215":[0,0,0,0,0],"216":[0,0],"217":[0,0],"218":[0,0],"219":[0,0],"220":[0,0,0,0,0,0],"221":[0,0],"222":[0,0],"223":[0,0],"224":[0,0],"225":[0,0],"226":[0,0],"227":[0,0],"228":[0,0],"229":[0,0],"230":[14,14],"231":[0,0],"232":[0,0],"233":[0,0],"234":[0,0],"235":[0,0,0],"236":[0,0],"237":[0,0],"238":[0,0],"239":[0,0],"240":[0,0],"241":[0,0],"242":[0,0],"243":[0,0],"244":[0,0],"245":[0,0],"246":[14,14,14],"247":[14,0],"248":[14,0],"249":[0,0],"250":[0,0,0,0],"251":[14,0],"252":[14,14,0],"253":[0,0],"254":[0,0],"255":[0,0],"256":[0,0],"257":[0,0],"258":[0,0],"259":[0,0],"260":[0,0],"261":[0,0],"262":[0,0],"263":[0,0],"264":[0,0],"265":[0,0],"266":[0,0,0],"267":[2,3],"268":[1,1],"269":[0,1],"270":[2,1],"271":[3,3],"272":[0,1],"273":[22,9],"274":[14,0],"275":[0,42],"276":[0,0],"277":[0,0,0],"278":[0,0],"279":[0,14],"280":[14,14],"281":[14,14,14,14],"282":[0,0],"283":[42,0],"284":[2,0],"285":[2,0],"286":[0,0],"287":[0,0],"288":[0,0],"289":[0,0,0,0,0,0],"290":[0,0],"291":[0,0],"292":[0,0],"293":[0,0],"294":[0,0,0,0,0,0],"295":[0,0],"296":[0,0],"297":[112,98],"298":[0,0],"299":[0,0],"300":[0,0],"301":[0,0],"302":[0,0],"303":[0,0],"304":[0,0],"305":[0,0,0],"306":[0,0],"307":[0,0],"308":[0,0,0,0],"309":[0,0],"310":[0,0],"311":[0,0],"312":[0,0],"313":[0,0],"314":[14,14,14],"315":[0,14],"316":[14,0],"317":[14,14],"318":[14,14],"319":[0,0],"320":[28,14],"321":[42,42],"322":[434,28],"323":[28,28],"324":[5,5],"325":[0,5],"326":[14,14,10],"327":[5,5,4,0],"328":[0,5],"329":[0,0],"330":[0,0],"331":[0,0],"332":[0,0],"333":[0,0],"334":[0,0],"335":[14,0],"336":[0,0],"337":[0,0],"338":[0,0],"339":[0,0],"340":[0,0,0,0,0,0],"341":[0,0],"342":[0,0],"343":[0,0],"344":[14,14,14,14,14,14],"345":[14,14,14],"346":[0,14],"347":[0,0],"348":[0,0,0,0],"349":[0,0],"350":[0,0,0],"351":[0,0],"352":[0,0],"353":[0,0],"354":[0,0,0,0],"355":[0,0],"356":[0,0,0,0,0],"357":[0,0],"358":[0,0],"359":[0,0],"360":[0,0],"361":[0,0],"362":[0,0,0],"363":[0,0],"364":[0,0],"365":[0,0],"366":[0,0],"367":[0,0],"368":[0,0],"369":[0,0,0,0],"370":[0,0],"371":[0,0],"372":[0,0],"373":[0,0],"374":[0,0],"375":[0,0],"376":[0,0],"377":[0,0],"378":[0,0],"379":[14,14,14,0],"380":[14,0],"381":[0,0],"382":[0,0],"383":[0,0],"384":[1,1],"385":[0,0],"386":[0,0],"387":[0,0],"388":[0,0],"389":[0,0],"390":[0,0],"391":[0,0],"392":[0,0],"393":[0,0],"394":[0,0],"395":[0,0],"396":[0,0],"397":[0,0],"398":[0,0],"399":[0,0],"400":[0,0],"401":[0,0],"402":[0,0,0,0,0],"403":[0,0],"404":[0,0],"405":[0,14],"406":[14,14,14],"407":[0,0],"408":[0,0],"409":[0,0],"410":[0,0],"411":[0,0,0],"412":[14,14],"413":[0,14],"414":[14,14,14],"415":[0,0],"416":[0,0],"417":[14,14],"418":[0,14],"419":[14,14,14,14],"420":[0,0],"421":[0,0],"422":[0,0],"423":[0,0],"424":[0,0],"425":[0,0],"426":[0,0],"427":[0,0],"428":[0,0],"429":[0,0,0],"430":[0,0],"431":[8,0],"432":[8,1],"433":[5,3],"434":[2,6],"435":[8,2],"436":[2,6],"437":[0,6],"438":[6,2],"439":[6,5],"440":[6,1],"441":[6,0],"442":[6,0],"443":[6,0],"444":[3,3],"445":[1,5],"446":[3,2],"447":[2,1],"448":[5,0],"449":[5,1],"450":[4,1],"451":[3,2],"452":[3,2],"453":[2,3],"454":[8,0],"455":[8,0],"456":[8,0],"457":[0,8],"458":[0,8],"459":[14,14],"460":[14,14,14,14],"461":[0,0],"462":[0,0],"463":[0,0],"464":[0,0],"465":[0,0],"466":[0,0],"467":[0,0],"468":[0,0],"469":[0,0],"470":[0,0],"471":[0,0],"472":[0,0],"473":[0,0],"474":[0,0],"475":[0,0],"476":[0,0],"477":[0,0,0,0,0,0],"478":[0,0],"479":[0,0],"480":[0,0],"481":[0,0],"482":[0,0],"483":[0,0],"484":[0,0],"485":[0,0],"486":[0,0],"487":[0,0],"488":[0,0,0],"489":[0,0],"490":[0,0],"491":[0,0,0],"492":[0,0],"493":[0,0],"494":[0,0],"495":[0,0],"496":[0,0],"497":[0,0],"498":[0,0],"499":[0,0],"500":[0,0],"501":[0,0],"502":[0,0],"503":[0,0],"504":[0,0],"505":[0,0],"506":[0,0],"507":[0,0],"508":[0,0],"509":[0,0],"510":[0,0],"511":[0,0],"512":[0,0],"513":[0,0],"514":[0,0],"515":[14,14,14],"516":[14,0],"517":[0,0],"518":[0,0],"519":[4,0],"520":[4,3],"521":[3,1],"522":[14,14],"523":[0,0],"524":[0,0],"525":[0,0],"526":[0,0],"527":[0,0],"528":[2,0],"529":[2,1],"530":[1,1],"531":[2,0],"532":[2,0],"533":[0,2],"534":[0,2],"535":[2,9],"536":[0,2]},"_coverageSchema":"1a1c01bbd47fc00a2c39e90264f33305004495a9","hash":"6db0f302e98e5c3ce0d7dac1692c47034f60d11b"}
}
