TN:
SF:es/index.js
FN:1,e
FN:1,(anonymous_1)
FN:1,(anonymous_2)
FN:1,(anonymous_3)
FN:1,(anonymous_4)
FN:1,(anonymous_5)
FN:1,(anonymous_6)
FN:1,(anonymous_7)
FN:1,(anonymous_8)
FN:1,(anonymous_9)
FN:1,(anonymous_10)
FN:1,(anonymous_11)
FN:1,(anonymous_12)
FN:1,(anonymous_13)
FN:1,(anonymous_14)
FN:1,(anonymous_15)
FN:1,(anonymous_16)
FN:1,(anonymous_17)
FN:1,(anonymous_18)
FN:1,(anonymous_19)
FN:1,(anonymous_20)
FN:1,(anonymous_21)
FN:1,(anonymous_22)
FN:1,(anonymous_23)
FN:1,(anonymous_24)
FN:1,(anonymous_25)
FN:1,(anonymous_26)
FN:1,(anonymous_27)
FN:1,(anonymous_28)
FN:1,(anonymous_29)
FN:1,(anonymous_30)
FN:1,(anonymous_31)
FN:1,(anonymous_32)
FN:1,(anonymous_33)
FN:1,(anonymous_34)
FN:1,(anonymous_35)
FN:1,(anonymous_36)
FN:1,(anonymous_37)
FN:1,(anonymous_38)
FN:1,(anonymous_39)
FN:1,(anonymous_40)
FN:1,(anonymous_41)
FN:1,(anonymous_42)
FN:1,(anonymous_43)
FN:1,(anonymous_44)
FN:1,(anonymous_45)
FN:1,(anonymous_46)
FN:1,(anonymous_47)
FN:1,(anonymous_48)
FN:1,(anonymous_49)
FN:1,(anonymous_50)
FN:1,(anonymous_51)
FN:1,(anonymous_52)
FN:1,(anonymous_53)
FN:1,(anonymous_54)
FN:1,(anonymous_55)
FN:1,(anonymous_56)
FN:1,(anonymous_57)
FN:1,(anonymous_58)
FN:1,(anonymous_59)
FN:1,(anonymous_60)
FN:1,(anonymous_61)
FN:1,(anonymous_62)
FN:1,(anonymous_63)
FN:1,(anonymous_64)
FN:1,(anonymous_65)
FN:1,(anonymous_66)
FN:1,(anonymous_67)
FN:1,(anonymous_68)
FN:1,(anonymous_69)
FN:1,(anonymous_70)
FN:1,(anonymous_71)
FN:1,(anonymous_72)
FN:1,(anonymous_73)
FN:1,(anonymous_74)
FN:1,(anonymous_75)
FN:1,(anonymous_76)
FN:1,(anonymous_77)
FN:1,(anonymous_78)
FN:1,(anonymous_79)
FN:1,(anonymous_80)
FN:1,(anonymous_81)
FN:1,(anonymous_82)
FN:1,(anonymous_83)
FN:1,(anonymous_84)
FN:1,(anonymous_85)
FN:1,(anonymous_86)
FN:1,(anonymous_87)
FN:1,(anonymous_88)
FN:1,(anonymous_89)
FN:1,(anonymous_90)
FN:1,(anonymous_91)
FN:1,(anonymous_92)
FN:1,(anonymous_93)
FN:1,(anonymous_94)
FN:1,(anonymous_95)
FN:1,(anonymous_96)
FN:1,(anonymous_97)
FN:1,(anonymous_98)
FN:1,(anonymous_99)
FN:1,(anonymous_100)
FN:1,(anonymous_101)
FN:1,(anonymous_102)
FN:1,(anonymous_103)
FN:1,(anonymous_104)
FN:1,(anonymous_105)
FN:1,(anonymous_106)
FN:1,(anonymous_107)
FN:1,(anonymous_108)
FN:1,(anonymous_109)
FN:1,(anonymous_110)
FN:1,(anonymous_111)
FN:1,(anonymous_112)
FN:1,(anonymous_113)
FN:1,(anonymous_114)
FN:1,(anonymous_115)
FN:1,(anonymous_116)
FN:1,(anonymous_117)
FN:1,(anonymous_118)
FN:1,(anonymous_119)
FN:1,(anonymous_120)
FN:1,(anonymous_121)
FN:1,(anonymous_122)
FN:1,tn
FN:1,(anonymous_124)
FN:1,(anonymous_125)
FN:1,rn
FN:1,nn
FN:1,on
FN:1,un
FN:1,(anonymous_130)
FN:1,(anonymous_131)
FN:1,(anonymous_132)
FN:1,(anonymous_133)
FN:1,(anonymous_134)
FN:1,(anonymous_135)
FN:1,(anonymous_136)
FN:1,(anonymous_137)
FN:1,(anonymous_138)
FN:1,(anonymous_139)
FN:1,In
FN:1,(anonymous_141)
FN:1,(anonymous_142)
FN:1,(anonymous_143)
FN:1,(anonymous_144)
FN:1,(anonymous_145)
FN:1,(anonymous_146)
FN:1,(anonymous_147)
FN:1,(anonymous_148)
FN:1,(anonymous_149)
FN:1,(anonymous_150)
FN:1,(anonymous_151)
FN:1,(anonymous_152)
FN:16,Un
FN:16,zn
FN:16,(anonymous_155)
FN:16,(anonymous_156)
FN:16,(anonymous_157)
FN:16,(anonymous_158)
FN:16,(anonymous_159)
FN:16,(anonymous_160)
FN:16,(anonymous_161)
FN:16,(anonymous_162)
FN:16,(anonymous_163)
FN:16,(anonymous_164)
FN:16,(anonymous_165)
FN:16,(anonymous_166)
FN:16,(anonymous_167)
FN:16,(anonymous_168)
FN:16,(anonymous_169)
FN:16,(anonymous_170)
FN:16,(anonymous_171)
FN:16,(anonymous_172)
FN:16,(anonymous_173)
FN:16,(anonymous_174)
FN:16,Oo
FN:16,(anonymous_176)
FN:16,(anonymous_177)
FN:16,(anonymous_178)
FN:16,(anonymous_179)
FN:16,(anonymous_180)
FN:16,(anonymous_181)
FN:16,(anonymous_182)
FN:16,(anonymous_183)
FN:16,(anonymous_184)
FN:16,(anonymous_185)
FN:16,(anonymous_186)
FN:16,(anonymous_187)
FN:16,(anonymous_188)
FN:16,(anonymous_189)
FN:16,(anonymous_190)
FN:16,(anonymous_191)
FN:16,(anonymous_192)
FN:16,(anonymous_193)
FN:16,(anonymous_194)
FN:16,(anonymous_195)
FN:16,wi
FN:16,Si
FN:16,Ei
FN:16,Oi
FN:16,Ii
FN:16,Mi
FN:16,(anonymous_202)
FN:16,(anonymous_203)
FN:16,(anonymous_204)
FN:16,(anonymous_205)
FN:16,(anonymous_206)
FN:16,(anonymous_207)
FN:16,(anonymous_208)
FN:16,(anonymous_209)
FN:16,(anonymous_210)
FN:16,(anonymous_211)
FN:16,(anonymous_212)
FN:16,(anonymous_213)
FN:16,(anonymous_214)
FN:16,(anonymous_215)
FN:16,(anonymous_216)
FN:16,(anonymous_217)
FN:16,Ui
FN:16,(anonymous_219)
FN:16,Bi
FNF:221
FNH:87
FNDA:28,e
FNDA:0,(anonymous_1)
FNDA:0,(anonymous_2)
FNDA:14,(anonymous_3)
FNDA:0,(anonymous_4)
FNDA:392,(anonymous_5)
FNDA:14,(anonymous_6)
FNDA:14,(anonymous_7)
FNDA:14,(anonymous_8)
FNDA:0,(anonymous_9)
FNDA:0,(anonymous_10)
FNDA:0,(anonymous_11)
FNDA:56,(anonymous_12)
FNDA:658,(anonymous_13)
FNDA:0,(anonymous_14)
FNDA:0,(anonymous_15)
FNDA:14,(anonymous_16)
FNDA:14,(anonymous_17)
FNDA:0,(anonymous_18)
FNDA:0,(anonymous_19)
FNDA:0,(anonymous_20)
FNDA:252,(anonymous_21)
FNDA:28,(anonymous_22)
FNDA:14,(anonymous_23)
FNDA:70,(anonymous_24)
FNDA:14,(anonymous_25)
FNDA:0,(anonymous_26)
FNDA:0,(anonymous_27)
FNDA:0,(anonymous_28)
FNDA:0,(anonymous_29)
FNDA:0,(anonymous_30)
FNDA:14,(anonymous_31)
FNDA:14,(anonymous_32)
FNDA:56,(anonymous_33)
FNDA:0,(anonymous_34)
FNDA:0,(anonymous_35)
FNDA:14,(anonymous_36)
FNDA:238,(anonymous_37)
FNDA:0,(anonymous_38)
FNDA:0,(anonymous_39)
FNDA:0,(anonymous_40)
FNDA:14,(anonymous_41)
FNDA:0,(anonymous_42)
FNDA:0,(anonymous_43)
FNDA:0,(anonymous_44)
FNDA:14,(anonymous_45)
FNDA:0,(anonymous_46)
FNDA:0,(anonymous_47)
FNDA:0,(anonymous_48)
FNDA:0,(anonymous_49)
FNDA:56,(anonymous_50)
FNDA:0,(anonymous_51)
FNDA:28,(anonymous_52)
FNDA:14,(anonymous_53)
FNDA:14,(anonymous_54)
FNDA:14,(anonymous_55)
FNDA:14,(anonymous_56)
FNDA:0,(anonymous_57)
FNDA:0,(anonymous_58)
FNDA:0,(anonymous_59)
FNDA:14,(anonymous_60)
FNDA:0,(anonymous_61)
FNDA:0,(anonymous_62)
FNDA:0,(anonymous_63)
FNDA:14,(anonymous_64)
FNDA:14,(anonymous_65)
FNDA:14,(anonymous_66)
FNDA:0,(anonymous_67)
FNDA:0,(anonymous_68)
FNDA:0,(anonymous_69)
FNDA:0,(anonymous_70)
FNDA:28,(anonymous_71)
FNDA:0,(anonymous_72)
FNDA:0,(anonymous_73)
FNDA:0,(anonymous_74)
FNDA:0,(anonymous_75)
FNDA:0,(anonymous_76)
FNDA:126,(anonymous_77)
FNDA:126,(anonymous_78)
FNDA:98,(anonymous_79)
FNDA:14,(anonymous_80)
FNDA:0,(anonymous_81)
FNDA:0,(anonymous_82)
FNDA:0,(anonymous_83)
FNDA:0,(anonymous_84)
FNDA:14,(anonymous_85)
FNDA:14,(anonymous_86)
FNDA:14,(anonymous_87)
FNDA:0,(anonymous_88)
FNDA:0,(anonymous_89)
FNDA:0,(anonymous_90)
FNDA:0,(anonymous_91)
FNDA:0,(anonymous_92)
FNDA:0,(anonymous_93)
FNDA:0,(anonymous_94)
FNDA:14,(anonymous_95)
FNDA:14,(anonymous_96)
FNDA:14,(anonymous_97)
FNDA:0,(anonymous_98)
FNDA:0,(anonymous_99)
FNDA:0,(anonymous_100)
FNDA:56,(anonymous_101)
FNDA:56,(anonymous_102)
FNDA:56,(anonymous_103)
FNDA:56,(anonymous_104)
FNDA:14,(anonymous_105)
FNDA:56,(anonymous_106)
FNDA:0,(anonymous_107)
FNDA:28,(anonymous_108)
FNDA:0,(anonymous_109)
FNDA:0,(anonymous_110)
FNDA:0,(anonymous_111)
FNDA:0,(anonymous_112)
FNDA:0,(anonymous_113)
FNDA:0,(anonymous_114)
FNDA:0,(anonymous_115)
FNDA:0,(anonymous_116)
FNDA:14,(anonymous_117)
FNDA:14,(anonymous_118)
FNDA:0,(anonymous_119)
FNDA:0,(anonymous_120)
FNDA:14,(anonymous_121)
FNDA:0,(anonymous_122)
FNDA:0,tn
FNDA:0,(anonymous_124)
FNDA:0,(anonymous_125)
FNDA:0,rn
FNDA:9,nn
FNDA:5,on
FNDA:22,un
FNDA:0,(anonymous_130)
FNDA:28,(anonymous_131)
FNDA:42,(anonymous_132)
FNDA:0,(anonymous_133)
FNDA:14,(anonymous_134)
FNDA:0,(anonymous_135)
FNDA:0,(anonymous_136)
FNDA:42,(anonymous_137)
FNDA:0,(anonymous_138)
FNDA:0,(anonymous_139)
FNDA:2,In
FNDA:0,(anonymous_141)
FNDA:0,(anonymous_142)
FNDA:0,(anonymous_143)
FNDA:112,(anonymous_144)
FNDA:0,(anonymous_145)
FNDA:0,(anonymous_146)
FNDA:0,(anonymous_147)
FNDA:0,(anonymous_148)
FNDA:14,(anonymous_149)
FNDA:0,(anonymous_150)
FNDA:0,(anonymous_151)
FNDA:42,(anonymous_152)
FNDA:5,Un
FNDA:1,zn
FNDA:3,(anonymous_155)
FNDA:9,(anonymous_156)
FNDA:0,(anonymous_157)
FNDA:0,(anonymous_158)
FNDA:0,(anonymous_159)
FNDA:0,(anonymous_160)
FNDA:0,(anonymous_161)
FNDA:0,(anonymous_162)
FNDA:0,(anonymous_163)
FNDA:0,(anonymous_164)
FNDA:0,(anonymous_165)
FNDA:0,(anonymous_166)
FNDA:0,(anonymous_167)
FNDA:14,(anonymous_168)
FNDA:0,(anonymous_169)
FNDA:0,(anonymous_170)
FNDA:0,(anonymous_171)
FNDA:14,(anonymous_172)
FNDA:0,(anonymous_173)
FNDA:0,(anonymous_174)
FNDA:30,Oo
FNDA:2,(anonymous_176)
FNDA:0,(anonymous_177)
FNDA:0,(anonymous_178)
FNDA:0,(anonymous_179)
FNDA:2,(anonymous_180)
FNDA:42,(anonymous_181)
FNDA:0,(anonymous_182)
FNDA:0,(anonymous_183)
FNDA:0,(anonymous_184)
FNDA:0,(anonymous_185)
FNDA:0,(anonymous_186)
FNDA:14,(anonymous_187)
FNDA:0,(anonymous_188)
FNDA:14,(anonymous_189)
FNDA:0,(anonymous_190)
FNDA:0,(anonymous_191)
FNDA:0,(anonymous_192)
FNDA:0,(anonymous_193)
FNDA:0,(anonymous_194)
FNDA:0,(anonymous_195)
FNDA:8,wi
FNDA:6,Si
FNDA:3,Ei
FNDA:3,Oi
FNDA:5,Ii
FNDA:8,Mi
FNDA:14,(anonymous_202)
FNDA:14,(anonymous_203)
FNDA:0,(anonymous_204)
FNDA:0,(anonymous_205)
FNDA:0,(anonymous_206)
FNDA:0,(anonymous_207)
FNDA:0,(anonymous_208)
FNDA:0,(anonymous_209)
FNDA:0,(anonymous_210)
FNDA:0,(anonymous_211)
FNDA:0,(anonymous_212)
FNDA:0,(anonymous_213)
FNDA:14,(anonymous_214)
FNDA:0,(anonymous_215)
FNDA:0,(anonymous_216)
FNDA:0,(anonymous_217)
FNDA:4,Ui
FNDA:0,(anonymous_219)
FNDA:2,Bi
DA:1,658
DA:16,42
LF:2
LH:2
BRDA:1,0,0,14
BRDA:1,0,1,0
BRDA:1,1,0,0
BRDA:1,1,1,0
BRDA:1,2,0,0
BRDA:1,2,1,0
BRDA:1,3,0,0
BRDA:1,3,1,0
BRDA:1,4,0,0
BRDA:1,4,1,0
BRDA:1,5,0,14
BRDA:1,5,1,14
BRDA:1,5,2,14
BRDA:1,6,0,14
BRDA:1,6,1,0
BRDA:1,6,2,0
BRDA:1,6,3,0
BRDA:1,6,4,0
BRDA:1,6,5,0
BRDA:1,7,0,14
BRDA:1,7,1,14
BRDA:1,8,0,0
BRDA:1,8,1,0
BRDA:1,9,0,0
BRDA:1,9,1,0
BRDA:1,10,0,0
BRDA:1,10,1,0
BRDA:1,11,0,14
BRDA:1,11,1,14
BRDA:1,12,0,14
BRDA:1,12,1,0
BRDA:1,13,0,0
BRDA:1,13,1,14
BRDA:1,14,0,14
BRDA:1,14,1,14
BRDA:1,15,0,0
BRDA:1,15,1,0
BRDA:1,16,0,14
BRDA:1,16,1,14
BRDA:1,17,0,14
BRDA:1,17,1,0
BRDA:1,18,0,658
BRDA:1,18,1,658
BRDA:1,19,0,0
BRDA:1,19,1,0
BRDA:1,20,0,0
BRDA:1,20,1,14
BRDA:1,21,0,0
BRDA:1,21,1,0
BRDA:1,22,0,0
BRDA:1,22,1,0
BRDA:1,23,0,14
BRDA:1,23,1,14
BRDA:1,24,0,14
BRDA:1,24,1,0
BRDA:1,25,0,14
BRDA:1,25,1,56
BRDA:1,26,0,56
BRDA:1,26,1,56
BRDA:1,27,0,14
BRDA:1,27,1,0
BRDA:1,28,0,14
BRDA:1,28,1,14
BRDA:1,28,2,0
BRDA:1,28,3,0
BRDA:1,29,0,14
BRDA:1,29,1,14
BRDA:1,30,0,14
BRDA:1,30,1,14
BRDA:1,31,0,0
BRDA:1,31,1,14
BRDA:1,32,0,14
BRDA:1,32,1,14
BRDA:1,33,0,14
BRDA:1,33,1,0
BRDA:1,33,2,0
BRDA:1,33,3,0
BRDA:1,33,4,0
BRDA:1,33,5,0
BRDA:1,34,0,14
BRDA:1,34,1,14
BRDA:1,35,0,14
BRDA:1,35,1,14
BRDA:1,35,2,14
BRDA:1,35,3,14
BRDA:1,35,4,14
BRDA:1,36,0,14
BRDA:1,36,1,14
BRDA:1,36,2,14
BRDA:1,37,0,14
BRDA:1,37,1,0
BRDA:1,38,0,0
BRDA:1,38,1,0
BRDA:1,39,0,0
BRDA:1,39,1,0
BRDA:1,40,0,0
BRDA:1,40,1,0
BRDA:1,41,0,14
BRDA:1,41,1,14
BRDA:1,42,0,56
BRDA:1,42,1,56
BRDA:1,43,0,28
BRDA:1,43,1,28
BRDA:1,44,0,14
BRDA:1,44,1,0
BRDA:1,45,0,0
BRDA:1,45,1,14
BRDA:1,46,0,14
BRDA:1,46,1,14
BRDA:1,47,0,14
BRDA:1,47,1,0
BRDA:1,48,0,0
BRDA:1,48,1,0
BRDA:1,48,2,0
BRDA:1,49,0,112
BRDA:1,49,1,126
BRDA:1,50,0,238
BRDA:1,50,1,126
BRDA:1,50,2,0
BRDA:1,51,0,112
BRDA:1,51,1,0
BRDA:1,52,0,112
BRDA:1,52,1,112
BRDA:1,53,0,0
BRDA:1,53,1,0
BRDA:1,54,0,0
BRDA:1,54,1,0
BRDA:1,55,0,0
BRDA:1,55,1,0
BRDA:1,56,0,0
BRDA:1,56,1,0
BRDA:1,57,0,0
BRDA:1,57,1,0
BRDA:1,58,0,0
BRDA:1,58,1,0
BRDA:1,59,0,0
BRDA:1,59,1,0
BRDA:1,60,0,0
BRDA:1,60,1,0
BRDA:1,61,0,0
BRDA:1,61,1,0
BRDA:1,62,0,0
BRDA:1,62,1,0
BRDA:1,63,0,0
BRDA:1,63,1,0
BRDA:1,63,2,0
BRDA:1,64,0,0
BRDA:1,64,1,0
BRDA:1,65,0,0
BRDA:1,65,1,0
BRDA:1,66,0,0
BRDA:1,66,1,0
BRDA:1,67,0,0
BRDA:1,67,1,0
BRDA:1,67,2,0
BRDA:1,68,0,0
BRDA:1,68,1,0
BRDA:1,69,0,14
BRDA:1,69,1,14
BRDA:1,70,0,14
BRDA:1,70,1,0
BRDA:1,71,0,14
BRDA:1,71,1,0
BRDA:1,72,0,14
BRDA:1,72,1,0
BRDA:1,73,0,0
BRDA:1,73,1,0
BRDA:1,74,0,0
BRDA:1,74,1,0
BRDA:1,75,0,14
BRDA:1,75,1,14
BRDA:1,76,0,0
BRDA:1,76,1,0
BRDA:1,77,0,14
BRDA:1,77,1,0
BRDA:1,78,0,0
BRDA:1,78,1,14
BRDA:1,79,0,0
BRDA:1,79,1,0
BRDA:1,80,0,0
BRDA:1,80,1,0
BRDA:1,80,2,0
BRDA:1,80,3,0
BRDA:1,80,4,0
BRDA:1,81,0,0
BRDA:1,81,1,0
BRDA:1,81,2,0
BRDA:1,82,0,0
BRDA:1,82,1,0
BRDA:1,83,0,0
BRDA:1,83,1,0
BRDA:1,84,0,0
BRDA:1,84,1,0
BRDA:1,85,0,0
BRDA:1,85,1,0
BRDA:1,86,0,0
BRDA:1,86,1,0
BRDA:1,87,0,0
BRDA:1,87,1,0
BRDA:1,88,0,14
BRDA:1,88,1,0
BRDA:1,89,0,14
BRDA:1,89,1,14
BRDA:1,90,0,14
BRDA:1,90,1,14
BRDA:1,91,0,14
BRDA:1,91,1,14
BRDA:1,92,0,14
BRDA:1,92,1,0
BRDA:1,93,0,14
BRDA:1,93,1,0
BRDA:1,94,0,14
BRDA:1,94,1,14
BRDA:1,95,0,0
BRDA:1,95,1,14
BRDA:1,96,0,14
BRDA:1,96,1,14
BRDA:1,97,0,0
BRDA:1,97,1,0
BRDA:1,98,0,0
BRDA:1,98,1,0
BRDA:1,99,0,0
BRDA:1,99,1,14
BRDA:1,100,0,0
BRDA:1,100,1,0
BRDA:1,101,0,0
BRDA:1,101,1,0
BRDA:1,102,0,14
BRDA:1,102,1,14
BRDA:1,103,0,14
BRDA:1,103,1,14
BRDA:1,104,0,14
BRDA:1,104,1,14
BRDA:1,104,2,14
BRDA:1,104,3,14
BRDA:1,105,0,14
BRDA:1,105,1,0
BRDA:1,106,0,14
BRDA:1,106,1,0
BRDA:1,107,0,14
BRDA:1,107,1,0
BRDA:1,108,0,0
BRDA:1,108,1,14
BRDA:1,109,0,14
BRDA:1,109,1,0
BRDA:1,110,0,14
BRDA:1,110,1,14
BRDA:1,111,0,14
BRDA:1,111,1,0
BRDA:1,112,0,14
BRDA:1,112,1,14
BRDA:1,112,2,14
BRDA:1,112,3,14
BRDA:1,113,0,14
BRDA:1,113,1,14
BRDA:1,114,0,14
BRDA:1,114,1,0
BRDA:1,115,0,14
BRDA:1,115,1,0
BRDA:1,116,0,0
BRDA:1,116,1,14
BRDA:1,117,0,0
BRDA:1,117,1,0
BRDA:1,117,2,0
BRDA:1,118,0,0
BRDA:1,118,1,14
BRDA:1,119,0,0
BRDA:1,119,1,0
BRDA:1,120,0,14
BRDA:1,120,1,14
BRDA:1,120,2,14
BRDA:1,121,0,0
BRDA:1,121,1,0
BRDA:1,122,0,0
BRDA:1,122,1,0
BRDA:1,123,0,0
BRDA:1,123,1,0
BRDA:1,124,0,0
BRDA:1,124,1,0
BRDA:1,125,0,0
BRDA:1,125,1,0
BRDA:1,126,0,0
BRDA:1,126,1,0
BRDA:1,127,0,0
BRDA:1,127,1,0
BRDA:1,128,0,0
BRDA:1,128,1,0
BRDA:1,129,0,0
BRDA:1,129,1,0
BRDA:1,130,0,0
BRDA:1,130,1,0
BRDA:1,130,2,0
BRDA:1,131,0,0
BRDA:1,131,1,0
BRDA:1,131,2,0
BRDA:1,132,0,0
BRDA:1,132,1,0
BRDA:1,133,0,0
BRDA:1,133,1,0
BRDA:1,133,2,0
BRDA:1,134,0,0
BRDA:1,134,1,0
BRDA:1,134,2,0
BRDA:1,135,0,14
BRDA:1,135,1,0
BRDA:1,136,0,14
BRDA:1,136,1,0
BRDA:1,137,0,0
BRDA:1,137,1,0
BRDA:1,138,0,0
BRDA:1,138,1,0
BRDA:1,138,2,0
BRDA:1,138,3,0
BRDA:1,139,0,126
BRDA:1,139,1,126
BRDA:1,139,2,126
BRDA:1,140,0,0
BRDA:1,140,1,126
BRDA:1,141,0,98
BRDA:1,141,1,0
BRDA:1,142,0,0
BRDA:1,142,1,98
BRDA:1,143,0,28
BRDA:1,143,1,70
BRDA:1,144,0,28
BRDA:1,144,1,0
BRDA:1,145,0,70
BRDA:1,145,1,0
BRDA:1,146,0,98
BRDA:1,146,1,0
BRDA:1,147,0,0
BRDA:1,147,1,98
BRDA:1,148,0,0
BRDA:1,148,1,0
BRDA:1,149,0,98
BRDA:1,149,1,98
BRDA:1,150,0,0
BRDA:1,150,1,98
BRDA:1,151,0,28
BRDA:1,151,1,70
BRDA:1,152,0,98
BRDA:1,152,1,0
BRDA:1,153,0,0
BRDA:1,153,1,0
BRDA:1,153,2,0
BRDA:1,153,3,0
BRDA:1,154,0,14
BRDA:1,154,1,0
BRDA:1,155,0,0
BRDA:1,155,1,0
BRDA:1,156,0,0
BRDA:1,156,1,0
BRDA:1,157,0,0
BRDA:1,157,1,0
BRDA:1,158,0,0
BRDA:1,158,1,0
BRDA:1,159,0,0
BRDA:1,159,1,0
BRDA:1,160,0,0
BRDA:1,160,1,0
BRDA:1,161,0,0
BRDA:1,161,1,0
BRDA:1,162,0,0
BRDA:1,162,1,0
BRDA:1,163,0,0
BRDA:1,163,1,0
BRDA:1,164,0,0
BRDA:1,164,1,0
BRDA:1,165,0,0
BRDA:1,165,1,0
BRDA:1,166,0,0
BRDA:1,166,1,0
BRDA:1,167,0,0
BRDA:1,167,1,0
BRDA:1,168,0,0
BRDA:1,168,1,0
BRDA:1,169,0,14
BRDA:1,169,1,14
BRDA:1,170,0,14
BRDA:1,170,1,14
BRDA:1,171,0,14
BRDA:1,171,1,0
BRDA:1,172,0,14
BRDA:1,172,1,0
BRDA:1,173,0,14
BRDA:1,173,1,14
BRDA:1,174,0,0
BRDA:1,174,1,0
BRDA:1,175,0,0
BRDA:1,175,1,0
BRDA:1,176,0,0
BRDA:1,176,1,0
BRDA:1,177,0,14
BRDA:1,177,1,0
BRDA:1,178,0,0
BRDA:1,178,1,0
BRDA:1,179,0,0
BRDA:1,179,1,0
BRDA:1,180,0,14
BRDA:1,180,1,14
BRDA:1,180,2,14
BRDA:1,181,0,14
BRDA:1,181,1,14
BRDA:1,182,0,14
BRDA:1,182,1,14
BRDA:1,183,0,14
BRDA:1,183,1,14
BRDA:1,183,2,14
BRDA:1,183,3,14
BRDA:1,183,4,14
BRDA:1,183,5,0
BRDA:1,184,0,0
BRDA:1,184,1,0
BRDA:1,185,0,0
BRDA:1,185,1,0
BRDA:1,186,0,0
BRDA:1,186,1,0
BRDA:1,187,0,0
BRDA:1,187,1,0
BRDA:1,188,0,0
BRDA:1,188,1,0
BRDA:1,189,0,0
BRDA:1,189,1,0
BRDA:1,189,2,0
BRDA:1,189,3,0
BRDA:1,189,4,0
BRDA:1,190,0,0
BRDA:1,190,1,0
BRDA:1,191,0,0
BRDA:1,191,1,0
BRDA:1,192,0,0
BRDA:1,192,1,0
BRDA:1,193,0,0
BRDA:1,193,1,0
BRDA:1,194,0,0
BRDA:1,194,1,0
BRDA:1,195,0,0
BRDA:1,195,1,0
BRDA:1,195,2,0
BRDA:1,196,0,0
BRDA:1,196,1,0
BRDA:1,197,0,0
BRDA:1,197,1,0
BRDA:1,197,2,0
BRDA:1,197,3,0
BRDA:1,198,0,0
BRDA:1,198,1,0
BRDA:1,199,0,0
BRDA:1,199,1,0
BRDA:1,200,0,14
BRDA:1,200,1,14
BRDA:1,200,2,0
BRDA:1,201,0,0
BRDA:1,201,1,0
BRDA:1,202,0,56
BRDA:1,202,1,56
BRDA:1,203,0,56
BRDA:1,203,1,14
BRDA:1,204,0,0
BRDA:1,204,1,56
BRDA:1,205,0,56
BRDA:1,205,1,56
BRDA:1,205,2,56
BRDA:1,206,0,0
BRDA:1,206,1,0
BRDA:1,207,0,0
BRDA:1,207,1,0
BRDA:1,208,0,0
BRDA:1,208,1,0
BRDA:1,209,0,0
BRDA:1,209,1,0
BRDA:1,210,0,56
BRDA:1,210,1,0
BRDA:1,211,0,0
BRDA:1,211,1,0
BRDA:1,212,0,0
BRDA:1,212,1,0
BRDA:1,213,0,0
BRDA:1,213,1,0
BRDA:1,214,0,0
BRDA:1,214,1,0
BRDA:1,215,0,0
BRDA:1,215,1,0
BRDA:1,215,2,0
BRDA:1,215,3,0
BRDA:1,215,4,0
BRDA:1,216,0,0
BRDA:1,216,1,0
BRDA:1,217,0,0
BRDA:1,217,1,0
BRDA:1,218,0,0
BRDA:1,218,1,0
BRDA:1,219,0,0
BRDA:1,219,1,0
BRDA:1,220,0,0
BRDA:1,220,1,0
BRDA:1,220,2,0
BRDA:1,220,3,0
BRDA:1,220,4,0
BRDA:1,220,5,0
BRDA:1,221,0,0
BRDA:1,221,1,0
BRDA:1,222,0,0
BRDA:1,222,1,0
BRDA:1,223,0,0
BRDA:1,223,1,0
BRDA:1,224,0,0
BRDA:1,224,1,0
BRDA:1,225,0,0
BRDA:1,225,1,0
BRDA:1,226,0,0
BRDA:1,226,1,0
BRDA:1,227,0,0
BRDA:1,227,1,0
BRDA:1,228,0,0
BRDA:1,228,1,0
BRDA:1,229,0,0
BRDA:1,229,1,0
BRDA:1,230,0,14
BRDA:1,230,1,14
BRDA:1,231,0,0
BRDA:1,231,1,0
BRDA:1,232,0,0
BRDA:1,232,1,0
BRDA:1,233,0,0
BRDA:1,233,1,0
BRDA:1,234,0,0
BRDA:1,234,1,0
BRDA:1,235,0,0
BRDA:1,235,1,0
BRDA:1,235,2,0
BRDA:1,236,0,0
BRDA:1,236,1,0
BRDA:1,237,0,0
BRDA:1,237,1,0
BRDA:1,238,0,0
BRDA:1,238,1,0
BRDA:1,239,0,0
BRDA:1,239,1,0
BRDA:1,240,0,0
BRDA:1,240,1,0
BRDA:1,241,0,0
BRDA:1,241,1,0
BRDA:1,242,0,0
BRDA:1,242,1,0
BRDA:1,243,0,0
BRDA:1,243,1,0
BRDA:1,244,0,0
BRDA:1,244,1,0
BRDA:1,245,0,0
BRDA:1,245,1,0
BRDA:1,246,0,14
BRDA:1,246,1,14
BRDA:1,246,2,14
BRDA:1,247,0,14
BRDA:1,247,1,0
BRDA:1,248,0,14
BRDA:1,248,1,0
BRDA:1,249,0,0
BRDA:1,249,1,0
BRDA:1,250,0,0
BRDA:1,250,1,0
BRDA:1,250,2,0
BRDA:1,250,3,0
BRDA:1,251,0,14
BRDA:1,251,1,0
BRDA:1,252,0,14
BRDA:1,252,1,14
BRDA:1,252,2,0
BRDA:1,253,0,0
BRDA:1,253,1,0
BRDA:1,254,0,0
BRDA:1,254,1,0
BRDA:1,255,0,0
BRDA:1,255,1,0
BRDA:1,256,0,0
BRDA:1,256,1,0
BRDA:1,257,0,0
BRDA:1,257,1,0
BRDA:1,258,0,0
BRDA:1,258,1,0
BRDA:1,259,0,0
BRDA:1,259,1,0
BRDA:1,260,0,0
BRDA:1,260,1,0
BRDA:1,261,0,0
BRDA:1,261,1,0
BRDA:1,262,0,0
BRDA:1,262,1,0
BRDA:1,263,0,0
BRDA:1,263,1,0
BRDA:1,264,0,0
BRDA:1,264,1,0
BRDA:1,265,0,0
BRDA:1,265,1,0
BRDA:1,266,0,0
BRDA:1,266,1,0
BRDA:1,266,2,0
BRDA:1,267,0,2
BRDA:1,267,1,3
BRDA:1,268,0,1
BRDA:1,268,1,1
BRDA:1,269,0,0
BRDA:1,269,1,1
BRDA:1,270,0,2
BRDA:1,270,1,1
BRDA:1,271,0,3
BRDA:1,271,1,3
BRDA:1,272,0,0
BRDA:1,272,1,1
BRDA:1,273,0,22
BRDA:1,273,1,9
BRDA:1,274,0,14
BRDA:1,274,1,0
BRDA:1,275,0,0
BRDA:1,275,1,42
BRDA:1,276,0,0
BRDA:1,276,1,0
BRDA:1,277,0,0
BRDA:1,277,1,0
BRDA:1,277,2,0
BRDA:1,278,0,0
BRDA:1,278,1,0
BRDA:1,279,0,0
BRDA:1,279,1,14
BRDA:1,280,0,14
BRDA:1,280,1,14
BRDA:1,281,0,14
BRDA:1,281,1,14
BRDA:1,281,2,14
BRDA:1,281,3,14
BRDA:1,282,0,0
BRDA:1,282,1,0
BRDA:1,283,0,42
BRDA:1,283,1,0
BRDA:1,284,0,2
BRDA:1,284,1,0
BRDA:1,285,0,2
BRDA:1,285,1,0
BRDA:1,286,0,0
BRDA:1,286,1,0
BRDA:1,287,0,0
BRDA:1,287,1,0
BRDA:1,288,0,0
BRDA:1,288,1,0
BRDA:1,289,0,0
BRDA:1,289,1,0
BRDA:1,289,2,0
BRDA:1,289,3,0
BRDA:1,289,4,0
BRDA:1,289,5,0
BRDA:1,290,0,0
BRDA:1,290,1,0
BRDA:1,291,0,0
BRDA:1,291,1,0
BRDA:1,292,0,0
BRDA:1,292,1,0
BRDA:1,293,0,0
BRDA:1,293,1,0
BRDA:1,294,0,0
BRDA:1,294,1,0
BRDA:1,294,2,0
BRDA:1,294,3,0
BRDA:1,294,4,0
BRDA:1,294,5,0
BRDA:1,295,0,0
BRDA:1,295,1,0
BRDA:1,296,0,0
BRDA:1,296,1,0
BRDA:1,297,0,112
BRDA:1,297,1,98
BRDA:1,298,0,0
BRDA:1,298,1,0
BRDA:1,299,0,0
BRDA:1,299,1,0
BRDA:1,300,0,0
BRDA:1,300,1,0
BRDA:1,301,0,0
BRDA:1,301,1,0
BRDA:1,302,0,0
BRDA:1,302,1,0
BRDA:1,303,0,0
BRDA:1,303,1,0
BRDA:1,304,0,0
BRDA:1,304,1,0
BRDA:1,305,0,0
BRDA:1,305,1,0
BRDA:1,305,2,0
BRDA:1,306,0,0
BRDA:1,306,1,0
BRDA:1,307,0,0
BRDA:1,307,1,0
BRDA:1,308,0,0
BRDA:1,308,1,0
BRDA:1,308,2,0
BRDA:1,308,3,0
BRDA:1,309,0,0
BRDA:1,309,1,0
BRDA:1,310,0,0
BRDA:1,310,1,0
BRDA:1,311,0,0
BRDA:1,311,1,0
BRDA:1,312,0,0
BRDA:1,312,1,0
BRDA:1,313,0,0
BRDA:1,313,1,0
BRDA:1,314,0,14
BRDA:1,314,1,14
BRDA:1,314,2,14
BRDA:1,315,0,0
BRDA:1,315,1,14
BRDA:1,316,0,14
BRDA:1,316,1,0
BRDA:1,317,0,14
BRDA:1,317,1,14
BRDA:1,318,0,14
BRDA:1,318,1,14
BRDA:1,319,0,0
BRDA:1,319,1,0
BRDA:1,320,0,28
BRDA:1,320,1,14
BRDA:1,321,0,42
BRDA:1,321,1,42
BRDA:1,322,0,434
BRDA:1,322,1,28
BRDA:1,323,0,28
BRDA:1,323,1,28
BRDA:16,324,0,5
BRDA:16,324,1,5
BRDA:16,325,0,0
BRDA:16,325,1,5
BRDA:16,326,0,14
BRDA:16,326,1,14
BRDA:16,326,2,10
BRDA:16,327,0,5
BRDA:16,327,1,5
BRDA:16,327,2,4
BRDA:16,327,3,0
BRDA:16,328,0,0
BRDA:16,328,1,5
BRDA:16,329,0,0
BRDA:16,329,1,0
BRDA:16,330,0,0
BRDA:16,330,1,0
BRDA:16,331,0,0
BRDA:16,331,1,0
BRDA:16,332,0,0
BRDA:16,332,1,0
BRDA:16,333,0,0
BRDA:16,333,1,0
BRDA:16,334,0,0
BRDA:16,334,1,0
BRDA:16,335,0,14
BRDA:16,335,1,0
BRDA:16,336,0,0
BRDA:16,336,1,0
BRDA:16,337,0,0
BRDA:16,337,1,0
BRDA:16,338,0,0
BRDA:16,338,1,0
BRDA:16,339,0,0
BRDA:16,339,1,0
BRDA:16,340,0,0
BRDA:16,340,1,0
BRDA:16,340,2,0
BRDA:16,340,3,0
BRDA:16,340,4,0
BRDA:16,340,5,0
BRDA:16,341,0,0
BRDA:16,341,1,0
BRDA:16,342,0,0
BRDA:16,342,1,0
BRDA:16,343,0,0
BRDA:16,343,1,0
BRDA:16,344,0,14
BRDA:16,344,1,14
BRDA:16,344,2,14
BRDA:16,344,3,14
BRDA:16,344,4,14
BRDA:16,344,5,14
BRDA:16,345,0,14
BRDA:16,345,1,14
BRDA:16,345,2,14
BRDA:16,346,0,0
BRDA:16,346,1,14
BRDA:16,347,0,0
BRDA:16,347,1,0
BRDA:16,348,0,0
BRDA:16,348,1,0
BRDA:16,348,2,0
BRDA:16,348,3,0
BRDA:16,349,0,0
BRDA:16,349,1,0
BRDA:16,350,0,0
BRDA:16,350,1,0
BRDA:16,350,2,0
BRDA:16,351,0,0
BRDA:16,351,1,0
BRDA:16,352,0,0
BRDA:16,352,1,0
BRDA:16,353,0,0
BRDA:16,353,1,0
BRDA:16,354,0,0
BRDA:16,354,1,0
BRDA:16,354,2,0
BRDA:16,354,3,0
BRDA:16,355,0,0
BRDA:16,355,1,0
BRDA:16,356,0,0
BRDA:16,356,1,0
BRDA:16,356,2,0
BRDA:16,356,3,0
BRDA:16,356,4,0
BRDA:16,357,0,0
BRDA:16,357,1,0
BRDA:16,358,0,0
BRDA:16,358,1,0
BRDA:16,359,0,0
BRDA:16,359,1,0
BRDA:16,360,0,0
BRDA:16,360,1,0
BRDA:16,361,0,0
BRDA:16,361,1,0
BRDA:16,362,0,0
BRDA:16,362,1,0
BRDA:16,362,2,0
BRDA:16,363,0,0
BRDA:16,363,1,0
BRDA:16,364,0,0
BRDA:16,364,1,0
BRDA:16,365,0,0
BRDA:16,365,1,0
BRDA:16,366,0,0
BRDA:16,366,1,0
BRDA:16,367,0,0
BRDA:16,367,1,0
BRDA:16,368,0,0
BRDA:16,368,1,0
BRDA:16,369,0,0
BRDA:16,369,1,0
BRDA:16,369,2,0
BRDA:16,369,3,0
BRDA:16,370,0,0
BRDA:16,370,1,0
BRDA:16,371,0,0
BRDA:16,371,1,0
BRDA:16,372,0,0
BRDA:16,372,1,0
BRDA:16,373,0,0
BRDA:16,373,1,0
BRDA:16,374,0,0
BRDA:16,374,1,0
BRDA:16,375,0,0
BRDA:16,375,1,0
BRDA:16,376,0,0
BRDA:16,376,1,0
BRDA:16,377,0,0
BRDA:16,377,1,0
BRDA:16,378,0,0
BRDA:16,378,1,0
BRDA:16,379,0,14
BRDA:16,379,1,14
BRDA:16,379,2,14
BRDA:16,379,3,0
BRDA:16,380,0,14
BRDA:16,380,1,0
BRDA:16,381,0,0
BRDA:16,381,1,0
BRDA:16,382,0,0
BRDA:16,382,1,0
BRDA:16,383,0,0
BRDA:16,383,1,0
BRDA:16,384,0,1
BRDA:16,384,1,1
BRDA:16,385,0,0
BRDA:16,385,1,0
BRDA:16,386,0,0
BRDA:16,386,1,0
BRDA:16,387,0,0
BRDA:16,387,1,0
BRDA:16,388,0,0
BRDA:16,388,1,0
BRDA:16,389,0,0
BRDA:16,389,1,0
BRDA:16,390,0,0
BRDA:16,390,1,0
BRDA:16,391,0,0
BRDA:16,391,1,0
BRDA:16,392,0,0
BRDA:16,392,1,0
BRDA:16,393,0,0
BRDA:16,393,1,0
BRDA:16,394,0,0
BRDA:16,394,1,0
BRDA:16,395,0,0
BRDA:16,395,1,0
BRDA:16,396,0,0
BRDA:16,396,1,0
BRDA:16,397,0,0
BRDA:16,397,1,0
BRDA:16,398,0,0
BRDA:16,398,1,0
BRDA:16,399,0,0
BRDA:16,399,1,0
BRDA:16,400,0,0
BRDA:16,400,1,0
BRDA:16,401,0,0
BRDA:16,401,1,0
BRDA:16,402,0,0
BRDA:16,402,1,0
BRDA:16,402,2,0
BRDA:16,402,3,0
BRDA:16,402,4,0
BRDA:16,403,0,0
BRDA:16,403,1,0
BRDA:16,404,0,0
BRDA:16,404,1,0
BRDA:16,405,0,0
BRDA:16,405,1,14
BRDA:16,406,0,14
BRDA:16,406,1,14
BRDA:16,406,2,14
BRDA:16,407,0,0
BRDA:16,407,1,0
BRDA:16,408,0,0
BRDA:16,408,1,0
BRDA:16,409,0,0
BRDA:16,409,1,0
BRDA:16,410,0,0
BRDA:16,410,1,0
BRDA:16,411,0,0
BRDA:16,411,1,0
BRDA:16,411,2,0
BRDA:16,412,0,14
BRDA:16,412,1,14
BRDA:16,413,0,0
BRDA:16,413,1,14
BRDA:16,414,0,14
BRDA:16,414,1,14
BRDA:16,414,2,14
BRDA:16,415,0,0
BRDA:16,415,1,0
BRDA:16,416,0,0
BRDA:16,416,1,0
BRDA:16,417,0,14
BRDA:16,417,1,14
BRDA:16,418,0,0
BRDA:16,418,1,14
BRDA:16,419,0,14
BRDA:16,419,1,14
BRDA:16,419,2,14
BRDA:16,419,3,14
BRDA:16,420,0,0
BRDA:16,420,1,0
BRDA:16,421,0,0
BRDA:16,421,1,0
BRDA:16,422,0,0
BRDA:16,422,1,0
BRDA:16,423,0,0
BRDA:16,423,1,0
BRDA:16,424,0,0
BRDA:16,424,1,0
BRDA:16,425,0,0
BRDA:16,425,1,0
BRDA:16,426,0,0
BRDA:16,426,1,0
BRDA:16,427,0,0
BRDA:16,427,1,0
BRDA:16,428,0,0
BRDA:16,428,1,0
BRDA:16,429,0,0
BRDA:16,429,1,0
BRDA:16,429,2,0
BRDA:16,430,0,0
BRDA:16,430,1,0
BRDA:16,431,0,8
BRDA:16,431,1,0
BRDA:16,432,0,8
BRDA:16,432,1,1
BRDA:16,433,0,5
BRDA:16,433,1,3
BRDA:16,434,0,2
BRDA:16,434,1,6
BRDA:16,435,0,8
BRDA:16,435,1,2
BRDA:16,436,0,2
BRDA:16,436,1,6
BRDA:16,437,0,0
BRDA:16,437,1,6
BRDA:16,438,0,6
BRDA:16,438,1,2
BRDA:16,439,0,6
BRDA:16,439,1,5
BRDA:16,440,0,6
BRDA:16,440,1,1
BRDA:16,441,0,6
BRDA:16,441,1,0
BRDA:16,442,0,6
BRDA:16,442,1,0
BRDA:16,443,0,6
BRDA:16,443,1,0
BRDA:16,444,0,3
BRDA:16,444,1,3
BRDA:16,445,0,1
BRDA:16,445,1,5
BRDA:16,446,0,3
BRDA:16,446,1,2
BRDA:16,447,0,2
BRDA:16,447,1,1
BRDA:16,448,0,5
BRDA:16,448,1,0
BRDA:16,449,0,5
BRDA:16,449,1,1
BRDA:16,450,0,4
BRDA:16,450,1,1
BRDA:16,451,0,3
BRDA:16,451,1,2
BRDA:16,452,0,3
BRDA:16,452,1,2
BRDA:16,453,0,2
BRDA:16,453,1,3
BRDA:16,454,0,8
BRDA:16,454,1,0
BRDA:16,455,0,8
BRDA:16,455,1,0
BRDA:16,456,0,8
BRDA:16,456,1,0
BRDA:16,457,0,0
BRDA:16,457,1,8
BRDA:16,458,0,0
BRDA:16,458,1,8
BRDA:16,459,0,14
BRDA:16,459,1,14
BRDA:16,460,0,14
BRDA:16,460,1,14
BRDA:16,460,2,14
BRDA:16,460,3,14
BRDA:16,461,0,0
BRDA:16,461,1,0
BRDA:16,462,0,0
BRDA:16,462,1,0
BRDA:16,463,0,0
BRDA:16,463,1,0
BRDA:16,464,0,0
BRDA:16,464,1,0
BRDA:16,465,0,0
BRDA:16,465,1,0
BRDA:16,466,0,0
BRDA:16,466,1,0
BRDA:16,467,0,0
BRDA:16,467,1,0
BRDA:16,468,0,0
BRDA:16,468,1,0
BRDA:16,469,0,0
BRDA:16,469,1,0
BRDA:16,470,0,0
BRDA:16,470,1,0
BRDA:16,471,0,0
BRDA:16,471,1,0
BRDA:16,472,0,0
BRDA:16,472,1,0
BRDA:16,473,0,0
BRDA:16,473,1,0
BRDA:16,474,0,0
BRDA:16,474,1,0
BRDA:16,475,0,0
BRDA:16,475,1,0
BRDA:16,476,0,0
BRDA:16,476,1,0
BRDA:16,477,0,0
BRDA:16,477,1,0
BRDA:16,477,2,0
BRDA:16,477,3,0
BRDA:16,477,4,0
BRDA:16,477,5,0
BRDA:16,478,0,0
BRDA:16,478,1,0
BRDA:16,479,0,0
BRDA:16,479,1,0
BRDA:16,480,0,0
BRDA:16,480,1,0
BRDA:16,481,0,0
BRDA:16,481,1,0
BRDA:16,482,0,0
BRDA:16,482,1,0
BRDA:16,483,0,0
BRDA:16,483,1,0
BRDA:16,484,0,0
BRDA:16,484,1,0
BRDA:16,485,0,0
BRDA:16,485,1,0
BRDA:16,486,0,0
BRDA:16,486,1,0
BRDA:16,487,0,0
BRDA:16,487,1,0
BRDA:16,488,0,0
BRDA:16,488,1,0
BRDA:16,488,2,0
BRDA:16,489,0,0
BRDA:16,489,1,0
BRDA:16,490,0,0
BRDA:16,490,1,0
BRDA:16,491,0,0
BRDA:16,491,1,0
BRDA:16,491,2,0
BRDA:16,492,0,0
BRDA:16,492,1,0
BRDA:16,493,0,0
BRDA:16,493,1,0
BRDA:16,494,0,0
BRDA:16,494,1,0
BRDA:16,495,0,0
BRDA:16,495,1,0
BRDA:16,496,0,0
BRDA:16,496,1,0
BRDA:16,497,0,0
BRDA:16,497,1,0
BRDA:16,498,0,0
BRDA:16,498,1,0
BRDA:16,499,0,0
BRDA:16,499,1,0
BRDA:16,500,0,0
BRDA:16,500,1,0
BRDA:16,501,0,0
BRDA:16,501,1,0
BRDA:16,502,0,0
BRDA:16,502,1,0
BRDA:16,503,0,0
BRDA:16,503,1,0
BRDA:16,504,0,0
BRDA:16,504,1,0
BRDA:16,505,0,0
BRDA:16,505,1,0
BRDA:16,506,0,0
BRDA:16,506,1,0
BRDA:16,507,0,0
BRDA:16,507,1,0
BRDA:16,508,0,0
BRDA:16,508,1,0
BRDA:16,509,0,0
BRDA:16,509,1,0
BRDA:16,510,0,0
BRDA:16,510,1,0
BRDA:16,511,0,0
BRDA:16,511,1,0
BRDA:16,512,0,0
BRDA:16,512,1,0
BRDA:16,513,0,0
BRDA:16,513,1,0
BRDA:16,514,0,0
BRDA:16,514,1,0
BRDA:16,515,0,14
BRDA:16,515,1,14
BRDA:16,515,2,14
BRDA:16,516,0,14
BRDA:16,516,1,0
BRDA:16,517,0,0
BRDA:16,517,1,0
BRDA:16,518,0,0
BRDA:16,518,1,0
BRDA:16,519,0,4
BRDA:16,519,1,0
BRDA:16,520,0,4
BRDA:16,520,1,3
BRDA:16,521,0,3
BRDA:16,521,1,1
BRDA:16,522,0,14
BRDA:16,522,1,14
BRDA:16,523,0,0
BRDA:16,523,1,0
BRDA:16,524,0,0
BRDA:16,524,1,0
BRDA:16,525,0,0
BRDA:16,525,1,0
BRDA:16,526,0,0
BRDA:16,526,1,0
BRDA:16,527,0,0
BRDA:16,527,1,0
BRDA:16,528,0,2
BRDA:16,528,1,0
BRDA:16,529,0,2
BRDA:16,529,1,1
BRDA:16,530,0,1
BRDA:16,530,1,1
BRDA:16,531,0,2
BRDA:16,531,1,0
BRDA:16,532,0,2
BRDA:16,532,1,0
BRDA:16,533,0,0
BRDA:16,533,1,2
BRDA:16,534,0,0
BRDA:16,534,1,2
BRDA:16,535,0,2
BRDA:16,535,1,9
BRDA:16,536,0,0
BRDA:16,536,1,2
BRF:1196
BRH:343
end_of_record
